{"logTime": "1221/014544", "correlationVector":"vBnrsxmJKb++uqzcLYwZN4.93","action":"GetUpdates", "result":"DeleteReceived", "context":{"id":"2513ad93-e751-45e3-9c95-6ceb1905bd55", "isDeleted:":"true", "version":"1702689407953"}}
{"logTime": "1221/014544", "correlationVector":"vBnrsxmJKb++uqzcLYwZN4.94","action":"GetUpdates", "result":"DeleteReceived", "context":{"id":"1404fd64-6f98-49aa-80b8-96a736987dd4", "isDeleted:":"true", "version":"1702689407955"}}
{"logTime": "1221/014544", "correlationVector":"vBnrsxmJKb++uqzcLYwZN4.95","action":"GetUpdates", "result":"DeleteReceived", "context":{"id":"0c48a469-4f83-4d9d-ac42-568f7f051497", "isDeleted:":"true", "version":"1702689407956"}}
{"logTime": "1221/014544", "correlationVector":"vBnrsxmJKb++uqzcLYwZN4.96","action":"GetUpdates", "result":"DeleteReceived", "context":{"id":"ae515bcf-26a8-484d-8006-a075f7019087", "isDeleted:":"true", "version":"1702689407957"}}
{"logTime": "1221/014544", "correlationVector":"vBnrsxmJKb++uqzcLYwZN4.97","action":"GetUpdates", "result":"DeleteReceived", "context":{"id":"f984dae8-b0e4-4a65-89c5-1be19822ac33", "isDeleted:":"true", "version":"1702689407958"}}
{"logTime": "1221/014544", "correlationVector":"vBnrsxmJKb++uqzcLYwZN4.98","action":"GetUpdates", "result":"DeleteReceived", "context":{"id":"cf0c7108-2fdd-447a-b7d9-aaefdd4fdda3", "isDeleted:":"true", "version":"1702689407959"}}
{"logTime": "1221/014544", "correlationVector":"vBnrsxmJKb++uqzcLYwZN4.99","action":"GetUpdates", "result":"DeleteReceived", "context":{"id":"48b55341-8d79-47f4-add2-acf1aead7ab9", "isDeleted:":"true", "version":"1702689407960"}}
{"logTime": "1221/014544", "correlationVector":"vBnrsxmJKb++uqzcLYwZN4.100","action":"GetUpdates", "result":"DeleteReceived", "context":{"id":"6597c2f5-f163-41ce-9129-5098fb988e8f", "isDeleted:":"true", "version":"1702689407962"}}
{"logTime": "1221/014544", "correlationVector":"vBnrsxmJKb++uqzcLYwZN4.101","action":"GetUpdates", "result":"DeleteReceived", "context":{"id":"d4faf3c3-5791-4c6c-8839-604f8aadd470", "isDeleted:":"true", "version":"1702689407963"}}
{"logTime": "1221/014544", "correlationVector":"vBnrsxmJKb++uqzcLYwZN4.102","action":"GetUpdates", "result":"DeleteReceived", "context":{"id":"4d7941d0-39b8-4802-a55e-7e7fd50bf84c", "isDeleted:":"true", "version":"1702689420088"}}
{"logTime": "1221/014544", "correlationVector":"vBnrsxmJKb++uqzcLYwZN4.103","action":"GetUpdates", "result":"DeleteReceived", "context":{"id":"f4eb0035-9bcd-439b-aa0e-820154c8a5a4", "isDeleted:":"true", "version":"1702690633329"}}
{"logTime": "1221/014544", "correlationVector":"vBnrsxmJKb++uqzcLYwZN4.104","action":"GetUpdates", "result":"DeleteReceived", "context":{"id":"14aede56-934e-4c78-bd66-7ac76ae23363", "isDeleted:":"true", "version":"1702690814622"}}
{"logTime": "1221/014544", "correlationVector":"vBnrsxmJKb++uqzcLYwZN4.105","action":"GetUpdates", "result":"DeleteReceived", "context":{"id":"6dca046f-150f-4bfd-9ec9-fd99e8af1862", "isDeleted:":"true", "version":"1702690940200"}}
{"logTime": "1221/014544", "correlationVector":"vBnrsxmJKb++uqzcLYwZN4.106","action":"GetUpdates", "result":"DeleteReceived", "context":{"id":"fc1c6f9b-ec7f-40d7-8111-1cd57f191037", "isDeleted:":"true", "version":"1702691423266"}}
{"logTime": "1221/014544", "correlationVector":"vBnrsxmJKb++uqzcLYwZN4.107","action":"GetUpdates", "result":"DeleteReceived", "context":{"id":"328946a5-9828-4915-9327-7a2e35f17490", "isDeleted:":"true", "version":"1702691423268"}}
{"logTime": "1221/014544", "correlationVector":"vBnrsxmJKb++uqzcLYwZN4.108","action":"GetUpdates", "result":"DeleteReceived", "context":{"id":"33983a6c-0506-4e9a-b1cc-8be01675e3a6", "isDeleted:":"true", "version":"1702691423269"}}
{"logTime": "1221/014544", "correlationVector":"vBnrsxmJKb++uqzcLYwZN4.109","action":"GetUpdates", "result":"DeleteReceived", "context":{"id":"bb816ae7-6da8-494e-a7d9-57b6de12497a", "isDeleted:":"true", "version":"1702691423270"}}
{"logTime": "1221/014544", "correlationVector":"vBnrsxmJKb++uqzcLYwZN4.110","action":"GetUpdates", "result":"DeleteReceived", "context":{"id":"3fb0f88f-2c76-432a-a125-546800931875", "isDeleted:":"true", "version":"1702691423271"}}
{"logTime": "1221/014544", "correlationVector":"vBnrsxmJKb++uqzcLYwZN4.111","action":"GetUpdates", "result":"DeleteReceived", "context":{"id":"8179489e-da9d-472a-8fda-ed034cf6538e", "isDeleted:":"true", "version":"1702691423274"}}
{"logTime": "1221/014544", "correlationVector":"vBnrsxmJKb++uqzcLYwZN4.112","action":"GetUpdates", "result":"DeleteReceived", "context":{"id":"86cf720e-a7a0-46b7-bc7d-91b95ee40ae5", "isDeleted:":"true", "version":"1702691647426"}}
{"logTime": "1221/014544", "correlationVector":"vBnrsxmJKb++uqzcLYwZN4.113","action":"GetUpdates", "result":"DeleteReceived", "context":{"id":"cb175cba-bf37-4559-9207-46370602a736", "isDeleted:":"true", "version":"1702691776548"}}
{"logTime": "1221/014544", "correlationVector":"vBnrsxmJKb++uqzcLYwZN4.114","action":"GetUpdates", "result":"DeleteReceived", "context":{"id":"a755cb86-a2cb-4fd0-afff-f7b6440c93cd", "isDeleted:":"true", "version":"1702691776549"}}
{"logTime": "1221/014544", "correlationVector":"vBnrsxmJKb++uqzcLYwZN4.115","action":"GetUpdates", "result":"DeleteReceived", "context":{"id":"25f8bc7d-c61c-4920-874c-b428a579911a", "isDeleted:":"true", "version":"1702691906992"}}
{"logTime": "1221/014544", "correlationVector":"vBnrsxmJKb++uqzcLYwZN4.116","action":"GetUpdates", "result":"DeleteReceived", "context":{"id":"28fd0b0c-43ed-457c-bbe8-e7d55d150ded", "isDeleted:":"true", "version":"1702694536122"}}
{"logTime": "1221/014544", "correlationVector":"vBnrsxmJKb++uqzcLYwZN4.117","action":"GetUpdates", "result":"DeleteReceived", "context":{"id":"15ef0f21-9796-4adb-b05c-e38299a53900", "isDeleted:":"true", "version":"1702694536124"}}
{"logTime": "1221/014544", "correlationVector":"vBnrsxmJKb++uqzcLYwZN4.118","action":"GetUpdates", "result":"DeleteReceived", "context":{"id":"65b99ebd-8d9a-4135-8827-8594c45d3783", "isDeleted:":"true", "version":"1702694536125"}}
{"logTime": "1221/014544", "correlationVector":"vBnrsxmJKb++uqzcLYwZN4.119","action":"GetUpdates", "result":"DeleteReceived", "context":{"id":"29766435-4369-434a-af43-52c879a57d75", "isDeleted:":"true", "version":"1702750032288"}}
{"logTime": "1221/014544", "correlationVector":"vBnrsxmJKb++uqzcLYwZN4.120","action":"GetUpdates", "result":"DeleteReceived", "context":{"id":"a354198d-7ae4-44b6-bbc7-0fd52b4982bc", "isDeleted:":"true", "version":"1702750032289"}}
{"logTime": "1221/014544", "correlationVector":"vBnrsxmJKb++uqzcLYwZN4.121","action":"GetUpdates", "result":"DeleteReceived", "context":{"id":"981936b7-9732-4539-b2cf-0c067a7d7db6", "isDeleted:":"true", "version":"1702774155644"}}
{"logTime": "1221/014544", "correlationVector":"vBnrsxmJKb++uqzcLYwZN4.122","action":"GetUpdates", "result":"DeleteReceived", "context":{"id":"7dd9c470-b1f2-4787-9426-ee8f5155ac30", "isDeleted:":"true", "version":"1702774155645"}}
{"logTime": "1221/014544", "correlationVector":"vBnrsxmJKb++uqzcLYwZN4.123","action":"GetUpdates", "result":"DeleteReceived", "context":{"id":"f6c9eb45-2e23-49a7-90ea-d1bdca97d90c", "isDeleted:":"true", "version":"1702779876306"}}
{"logTime": "1221/014544", "correlationVector":"vBnrsxmJKb++uqzcLYwZN4.124","action":"GetUpdates", "result":"DeleteReceived", "context":{"id":"a462c7f9-23c4-413e-961f-69191c0e8463", "isDeleted:":"true", "version":"1702832887054"}}
{"logTime": "1221/014544", "correlationVector":"vBnrsxmJKb++uqzcLYwZN4.125","action":"GetUpdates", "result":"DeleteReceived", "context":{"id":"6e972f42-e24b-43e4-9e96-9e6e6f741517", "isDeleted:":"true", "version":"1702832887056"}}
{"logTime": "1221/014544", "correlationVector":"vBnrsxmJKb++uqzcLYwZN4.126","action":"GetUpdates", "result":"DeleteReceived", "context":{"id":"576d68be-ef44-4bb8-bb62-db524d287ae7", "isDeleted:":"true", "version":"1702832887057"}}
{"logTime": "1221/014544", "correlationVector":"vBnrsxmJKb++uqzcLYwZN4.127","action":"GetUpdates", "result":"DeleteReceived", "context":{"id":"74211127-92ba-45f2-9049-6fe8bbca632c", "isDeleted:":"true", "version":"1702832887058"}}
{"logTime": "1221/014544", "correlationVector":"vBnrsxmJKb++uqzcLYwZN4.128","action":"GetUpdates", "result":"DeleteReceived", "context":{"id":"3a030103-883c-4f56-bba2-9ab34e47019e", "isDeleted:":"true", "version":"1702832887059"}}
{"logTime": "1221/014544", "correlationVector":"vBnrsxmJKb++uqzcLYwZN4.129","action":"GetUpdates", "result":"DeleteReceived", "context":{"id":"62c89079-538c-46c4-b56a-4324bcb5f316", "isDeleted:":"true", "version":"1702832887061"}}
{"logTime": "1221/014544", "correlationVector":"vBnrsxmJKb++uqzcLYwZN4.130","action":"GetUpdates", "result":"DeleteReceived", "context":{"id":"25407e4a-a81c-4ef3-948b-37e6962f22db", "isDeleted:":"true", "version":"1702832887062"}}
{"logTime": "1221/014544", "correlationVector":"vBnrsxmJKb++uqzcLYwZN4.131","action":"GetUpdates", "result":"DeleteReceived", "context":{"id":"8177b334-c31e-4f81-995f-d6c35c949092", "isDeleted:":"true", "version":"1702835357659"}}
{"logTime": "1221/014544", "correlationVector":"vBnrsxmJKb++uqzcLYwZN4.132","action":"GetUpdates", "result":"DeleteReceived", "context":{"id":"d5e2e7f2-283a-420a-a7e7-afd5ae876662", "isDeleted:":"true", "version":"1702835357660"}}
{"logTime": "1221/014544", "correlationVector":"vBnrsxmJKb++uqzcLYwZN4.133","action":"GetUpdates", "result":"DeleteReceived", "context":{"id":"7705b810-f4e1-400d-8edb-d724dc571ecc", "isDeleted:":"true", "version":"1702835357663"}}
{"logTime": "1221/014544", "correlationVector":"vBnrsxmJKb++uqzcLYwZN4.134","action":"GetUpdates", "result":"DeleteReceived", "context":{"id":"c55d5b6e-2f1c-41a2-9f32-29dddfbc200b", "isDeleted:":"true", "version":"1702835357664"}}
{"logTime": "1221/014544", "correlationVector":"vBnrsxmJKb++uqzcLYwZN4.135","action":"GetUpdates", "result":"DeleteReceived", "context":{"id":"f28cd113-1eac-427c-9acf-ae2cc9c182b7", "isDeleted:":"true", "version":"1702835357665"}}
{"logTime": "1221/014544", "correlationVector":"vBnrsxmJKb++uqzcLYwZN4.136","action":"GetUpdates", "result":"DeleteReceived", "context":{"id":"741634b8-7c3e-4853-af3e-c5ca2785735c", "isDeleted:":"true", "version":"1702835357666"}}
{"logTime": "1221/014544", "correlationVector":"vBnrsxmJKb++uqzcLYwZN4.137","action":"GetUpdates", "result":"DeleteReceived", "context":{"id":"9aca0df5-414a-412c-b8dc-f5f6d8dccd4c", "isDeleted:":"true", "version":"1702835357667"}}
{"logTime": "1221/014544", "correlationVector":"vBnrsxmJKb++uqzcLYwZN4.138","action":"GetUpdates", "result":"DeleteReceived", "context":{"id":"b8e476a1-4c28-42ef-9d9a-c5c5ebe98bb8", "isDeleted:":"true", "version":"1702835357669"}}
{"logTime": "1221/014544", "correlationVector":"vBnrsxmJKb++uqzcLYwZN4.139","action":"GetUpdates", "result":"DeleteReceived", "context":{"id":"893e8015-c184-468c-a24d-bd61c2884c17", "isDeleted:":"true", "version":"1702835357670"}}
{"logTime": "1221/014544", "correlationVector":"vBnrsxmJKb++uqzcLYwZN4.140","action":"GetUpdates", "result":"DeleteReceived", "context":{"id":"d4d39da7-b8d7-466a-9165-10a70ce3a65a", "isDeleted:":"true", "version":"1702835357671"}}
{"logTime": "1221/014544", "correlationVector":"vBnrsxmJKb++uqzcLYwZN4.141","action":"GetUpdates", "result":"DeleteReceived", "context":{"id":"88b2a785-a563-45dd-9fd6-7f01187c0af5", "isDeleted:":"true", "version":"1702835357672"}}
{"logTime": "1221/014544", "correlationVector":"vBnrsxmJKb++uqzcLYwZN4.142","action":"GetUpdates", "result":"DeleteReceived", "context":{"id":"b6715e47-e803-4179-b206-b42ba84f6028", "isDeleted:":"true", "version":"1702835357673"}}
{"logTime": "1221/014544", "correlationVector":"vBnrsxmJKb++uqzcLYwZN4.143","action":"GetUpdates", "result":"DeleteReceived", "context":{"id":"215b765b-c456-4292-9f08-62a8d96214f4", "isDeleted:":"true", "version":"1702835357674"}}
{"logTime": "1221/014544", "correlationVector":"vBnrsxmJKb++uqzcLYwZN4.144","action":"GetUpdates", "result":"DeleteReceived", "context":{"id":"7c566205-166c-45e1-b030-f5e48b47f7ba", "isDeleted:":"true", "version":"1702835399082"}}
{"logTime": "1221/014544", "correlationVector":"vBnrsxmJKb++uqzcLYwZN4.145","action":"GetUpdates", "result":"DeleteReceived", "context":{"id":"66f423f7-7329-43be-a422-62281ede2a3f", "isDeleted:":"true", "version":"1702835399086"}}
{"logTime": "1221/014544", "correlationVector":"vBnrsxmJKb++uqzcLYwZN4.146","action":"GetUpdates", "result":"DeleteReceived", "context":{"id":"56fce1ea-9090-459c-bbf2-bd67e5a69264", "isDeleted:":"true", "version":"1702835555231"}}
{"logTime": "1221/014544", "correlationVector":"vBnrsxmJKb++uqzcLYwZN4.147","action":"GetUpdates", "result":"DeleteReceived", "context":{"id":"c7d02c22-dfea-454f-9898-20d743b0f957", "isDeleted:":"true", "version":"1702835588359"}}
{"logTime": "1221/014544", "correlationVector":"vBnrsxmJKb++uqzcLYwZN4.148","action":"GetUpdates", "result":"DeleteReceived", "context":{"id":"cacea940-cad9-40ae-9f37-77ca25de47c9", "isDeleted:":"true", "version":"1702835632329"}}
{"logTime": "1221/014544", "correlationVector":"vBnrsxmJKb++uqzcLYwZN4.149","action":"GetUpdates", "result":"DeleteReceived", "context":{"id":"02968748-a86d-48f6-9993-32bfbc1d5020", "isDeleted:":"true", "version":"1702835632331"}}
{"logTime": "1221/014544", "correlationVector":"vBnrsxmJKb++uqzcLYwZN4.150","action":"GetUpdates", "result":"DeleteReceived", "context":{"id":"05e1513d-6570-4a41-af49-695e497f5504", "isDeleted:":"true", "version":"1702835632332"}}
{"logTime": "1221/014544", "correlationVector":"vBnrsxmJKb++uqzcLYwZN4.151","action":"GetUpdates", "result":"DeleteReceived", "context":{"id":"384ec64f-54ad-429b-a02a-69b102fa0dc2", "isDeleted:":"true", "version":"1702835632334"}}
{"logTime": "1221/014544", "correlationVector":"vBnrsxmJKb++uqzcLYwZN4.152","action":"GetUpdates", "result":"DeleteReceived", "context":{"id":"969ebe55-d502-4b84-81e2-7233aaa2f9d2", "isDeleted:":"true", "version":"1702835714639"}}
{"logTime": "1221/014544", "correlationVector":"vBnrsxmJKb++uqzcLYwZN4.153","action":"GetUpdates", "result":"DeleteReceived", "context":{"id":"8eea5b21-8437-4548-b9fc-ebe23491db95", "isDeleted:":"true", "version":"1702835714640"}}
{"logTime": "1221/014544", "correlationVector":"vBnrsxmJKb++uqzcLYwZN4.154","action":"GetUpdates", "result":"DeleteReceived", "context":{"id":"08f7e841-2027-4ac3-a3b2-93337839a28a", "isDeleted:":"true", "version":"1702836009017"}}
{"logTime": "1221/014544", "correlationVector":"vBnrsxmJKb++uqzcLYwZN4.155","action":"GetUpdates", "result":"DeleteReceived", "context":{"id":"a4b088bb-8c0b-4ed5-983e-eba4e28e52cc", "isDeleted:":"true", "version":"1702836181214"}}
{"logTime": "1221/014544", "correlationVector":"vBnrsxmJKb++uqzcLYwZN4.156","action":"GetUpdates", "result":"DeleteReceived", "context":{"id":"d4a1f19d-cf7f-4aaf-967f-6696945b79df", "isDeleted:":"true", "version":"1702836181215"}}
{"logTime": "1221/014544", "correlationVector":"vBnrsxmJKb++uqzcLYwZN4.157","action":"GetUpdates", "result":"DeleteReceived", "context":{"id":"e85c67b4-69f3-4f86-9041-6d4330273dae", "isDeleted:":"true", "version":"1702836181216"}}
{"logTime": "1221/014544", "correlationVector":"vBnrsxmJKb++uqzcLYwZN4.158","action":"GetUpdates", "result":"DeleteReceived", "context":{"id":"ead162cb-8212-446c-a7ce-8f4c4fcd2d8c", "isDeleted:":"true", "version":"1702836362808"}}
{"logTime": "1221/014544", "correlationVector":"vBnrsxmJKb++uqzcLYwZN4.159","action":"GetUpdates", "result":"DeleteReceived", "context":{"id":"23509fb6-f703-4f64-ba0c-9d00fd7ee9f5", "isDeleted:":"true", "version":"1702836362809"}}
{"logTime": "1221/014544", "correlationVector":"vBnrsxmJKb++uqzcLYwZN4.160","action":"GetUpdates", "result":"DeleteReceived", "context":{"id":"9fdb1078-d6c4-4a5a-b3cb-fcfa9866aff8", "isDeleted:":"true", "version":"1702836397370"}}
{"logTime": "1221/014544", "correlationVector":"vBnrsxmJKb++uqzcLYwZN4.161","action":"GetUpdates", "result":"DeleteReceived", "context":{"id":"b540f0f2-fc7a-43b9-b67a-ed2bc92515bc", "isDeleted:":"true", "version":"1702836397371"}}
{"logTime": "1221/014544", "correlationVector":"vBnrsxmJKb++uqzcLYwZN4.162","action":"GetUpdates", "result":"DeleteReceived", "context":{"id":"83440a17-9c57-4666-8261-3dd0160d3db5", "isDeleted:":"true", "version":"1702836397372"}}
{"logTime": "1221/014544", "correlationVector":"vBnrsxmJKb++uqzcLYwZN4.163","action":"GetUpdates", "result":"DeleteReceived", "context":{"id":"11382eab-0251-4a60-936e-a805d986b26a", "isDeleted:":"true", "version":"1702842245672"}}
{"logTime": "1221/014544", "correlationVector":"vBnrsxmJKb++uqzcLYwZN4.164","action":"GetUpdates", "result":"DeleteReceived", "context":{"id":"03128e7c-c75e-4cdd-95a3-4dd52052a700", "isDeleted:":"true", "version":"1702842252356"}}
{"logTime": "1221/014544", "correlationVector":"vBnrsxmJKb++uqzcLYwZN4.165","action":"GetUpdates", "result":"DeleteReceived", "context":{"id":"069eb6b5-86b2-408e-8a9f-5aaef15c0df0", "isDeleted:":"true", "version":"1702842878962"}}
{"logTime": "1221/014544", "correlationVector":"vBnrsxmJKb++uqzcLYwZN4.166","action":"GetUpdates", "result":"DeleteReceived", "context":{"id":"9d414249-becc-45f6-84d8-2eaf66961551", "isDeleted:":"true", "version":"1702844582242"}}
{"logTime": "1221/014544", "correlationVector":"vBnrsxmJKb++uqzcLYwZN4.167","action":"GetUpdates", "result":"DeleteReceived", "context":{"id":"2165cc35-9367-400d-86a9-276f44ed24dc", "isDeleted:":"true", "version":"1702844582244"}}
{"logTime": "1221/014544", "correlationVector":"vBnrsxmJKb++uqzcLYwZN4.168","action":"GetUpdates", "result":"DeleteReceived", "context":{"id":"06f0edad-838c-4b2a-8899-4e8df0801444", "isDeleted:":"true", "version":"1702844885218"}}
{"logTime": "1221/014544", "correlationVector":"vBnrsxmJKb++uqzcLYwZN4.169","action":"GetUpdates", "result":"DeleteReceived", "context":{"id":"e6a9be2a-7e02-4e00-8c17-f0230093b268", "isDeleted:":"true", "version":"1702844885219"}}
{"logTime": "1221/014544", "correlationVector":"vBnrsxmJKb++uqzcLYwZN4.170","action":"GetUpdates", "result":"DeleteReceived", "context":{"id":"7103345a-ccc4-4f38-859d-d708c5200d2a", "isDeleted:":"true", "version":"1702844992129"}}
{"logTime": "1221/014544", "correlationVector":"vBnrsxmJKb++uqzcLYwZN4.171","action":"GetUpdates", "result":"DeleteReceived", "context":{"id":"873b4963-b0b8-450b-b700-272963215857", "isDeleted:":"true", "version":"1702850489195"}}
{"logTime": "1221/014544", "correlationVector":"vBnrsxmJKb++uqzcLYwZN4.172","action":"GetUpdates", "result":"DeleteReceived", "context":{"id":"94f4c218-1328-4f0e-9cf8-f621ecff9a07", "isDeleted:":"true", "version":"1702850523220"}}
{"logTime": "1221/014544", "correlationVector":"vBnrsxmJKb++uqzcLYwZN4.173","action":"GetUpdates", "result":"DeleteReceived", "context":{"id":"43a210a1-4474-4f41-a426-5dfa107fd511", "isDeleted:":"true", "version":"1702850980571"}}
{"logTime": "1221/014544", "correlationVector":"vBnrsxmJKb++uqzcLYwZN4.174","action":"GetUpdates", "result":"DeleteReceived", "context":{"id":"d929697e-6b39-4502-b3be-729b6b406bb6", "isDeleted:":"true", "version":"1702850980572"}}
{"logTime": "1221/014544", "correlationVector":"vBnrsxmJKb++uqzcLYwZN4.175","action":"GetUpdates", "result":"DeleteReceived", "context":{"id":"98664c18-07f9-45d4-8064-b31592d3c0f5", "isDeleted:":"true", "version":"1702851325464"}}
{"logTime": "1221/014544", "correlationVector":"vBnrsxmJKb++uqzcLYwZN4.176","action":"GetUpdates", "result":"DeleteReceived", "context":{"id":"5ee0d0d1-83eb-4b02-878a-7a07a2c23c50", "isDeleted:":"true", "version":"1702852318420"}}
{"logTime": "1221/014544", "correlationVector":"vBnrsxmJKb++uqzcLYwZN4.177","action":"GetUpdates", "result":"DeleteReceived", "context":{"id":"07368cfd-774c-4b92-9b61-504291968813", "isDeleted:":"true", "version":"1702856534043"}}
{"logTime": "1221/014544", "correlationVector":"vBnrsxmJKb++uqzcLYwZN4.178","action":"GetUpdates", "result":"DeleteReceived", "context":{"id":"87bc2c79-2ab5-4a73-982e-61b0d07e21f4", "isDeleted:":"true", "version":"1702856534045"}}
{"logTime": "1221/014544", "correlationVector":"vBnrsxmJKb++uqzcLYwZN4.179","action":"GetUpdates", "result":"DeleteReceived", "context":{"id":"3944d6c3-a30e-4d9a-a033-7fdae1d93bc7", "isDeleted:":"true", "version":"1702910741896"}}
{"logTime": "1221/014544", "correlationVector":"vBnrsxmJKb++uqzcLYwZN4.180","action":"GetUpdates", "result":"DeleteReceived", "context":{"id":"21736dd2-f6c9-4591-9765-5caedb1a6121", "isDeleted:":"true", "version":"1702910741897"}}
{"logTime": "1221/014544", "correlationVector":"vBnrsxmJKb++uqzcLYwZN4.181","action":"GetUpdates", "result":"DeleteReceived", "context":{"id":"f91be10c-e224-4d6d-9a17-a6da4c40061d", "isDeleted:":"true", "version":"1702910741898"}}
{"logTime": "1221/014544", "correlationVector":"vBnrsxmJKb++uqzcLYwZN4.182","action":"GetUpdates", "result":"DeleteReceived", "context":{"id":"97c5ba4c-65cb-4f13-bf32-bbf315c49a0f", "isDeleted:":"true", "version":"1702910741899"}}
{"logTime": "1221/014544", "correlationVector":"vBnrsxmJKb++uqzcLYwZN4.183","action":"GetUpdates", "result":"DeleteReceived", "context":{"id":"3c60845f-9c58-4076-87d8-4bb1cc998d11", "isDeleted:":"true", "version":"1702910741901"}}
{"logTime": "1221/014544", "correlationVector":"vBnrsxmJKb++uqzcLYwZN4.184","action":"GetUpdates", "result":"DeleteReceived", "context":{"id":"11cb5c18-7087-4ea1-9f52-92d52cf126bc", "isDeleted:":"true", "version":"1702910741902"}}
{"logTime": "1221/014544", "correlationVector":"vBnrsxmJKb++uqzcLYwZN4.185","action":"GetUpdates", "result":"DeleteReceived", "context":{"id":"45096d21-7d2a-492f-b078-3532b25543e1", "isDeleted:":"true", "version":"1702914498817"}}
{"logTime": "1221/014544", "correlationVector":"vBnrsxmJKb++uqzcLYwZN4.186","action":"GetUpdates", "result":"DeleteReceived", "context":{"id":"c8ef9091-052f-482f-a475-d0bd74fd2828", "isDeleted:":"true", "version":"1702914498818"}}
{"logTime": "1221/014544", "correlationVector":"vBnrsxmJKb++uqzcLYwZN4.187","action":"GetUpdates", "result":"DeleteReceived", "context":{"id":"0dff91ea-dbac-4434-ab8a-364456951cf1", "isDeleted:":"true", "version":"1702917041726"}}
{"logTime": "1221/014544", "correlationVector":"vBnrsxmJKb++uqzcLYwZN4.188","action":"GetUpdates", "result":"DeleteReceived", "context":{"id":"e292ec75-4dc0-4f3e-8748-5479461eaf67", "isDeleted:":"true", "version":"1702917041727"}}
{"logTime": "1221/014544", "correlationVector":"vBnrsxmJKb++uqzcLYwZN4.189","action":"GetUpdates", "result":"DeleteReceived", "context":{"id":"610c14d5-40f5-4e50-b3bc-cf5d775ea4b5", "isDeleted:":"true", "version":"1702918577509"}}
{"logTime": "1221/014544", "correlationVector":"vBnrsxmJKb++uqzcLYwZN4.190","action":"GetUpdates", "result":"DeleteReceived", "context":{"id":"618045dc-13c0-4a67-bdf8-7202f05ed3b5", "isDeleted:":"true", "version":"1702918577512"}}
{"logTime": "1221/014544", "correlationVector":"vBnrsxmJKb++uqzcLYwZN4.191","action":"GetUpdates", "result":"DeleteReceived", "context":{"id":"c29d97e6-9d01-4808-8f0c-6956c19a453f", "isDeleted:":"true", "version":"1702918577513"}}
{"logTime": "1221/014544", "correlationVector":"vBnrsxmJKb++uqzcLYwZN4.192","action":"GetUpdates", "result":"DeleteReceived", "context":{"id":"9e63de59-0446-4409-b3f5-7076a718844a", "isDeleted:":"true", "version":"1702918577514"}}
{"logTime": "1221/014544", "correlationVector":"vBnrsxmJKb++uqzcLYwZN4.193","action":"GetUpdates", "result":"DeleteReceived", "context":{"id":"b55ff70b-7a36-4349-8a70-836e1f00a2c1", "isDeleted:":"true", "version":"1702918608204"}}
{"logTime": "1221/014544", "correlationVector":"vBnrsxmJKb++uqzcLYwZN4.194","action":"GetUpdates", "result":"DeleteReceived", "context":{"id":"658febcc-6d33-4bd9-ab43-b0dd7af1499e", "isDeleted:":"true", "version":"1702944203087"}}
{"logTime": "1221/014544", "correlationVector":"vBnrsxmJKb++uqzcLYwZN4.195","action":"GetUpdates", "result":"DeleteReceived", "context":{"id":"80c21813-2cee-4e99-93a8-bbeb4eac4e06", "isDeleted:":"true", "version":"1702998297015"}}
{"logTime": "1221/014544", "correlationVector":"vBnrsxmJKb++uqzcLYwZN4.196","action":"GetUpdates", "result":"DeleteReceived", "context":{"id":"c1f2109e-af4f-4470-a7d5-dc2339615cbf", "isDeleted:":"true", "version":"1702998299112"}}
{"logTime": "1221/014544", "correlationVector":"vBnrsxmJKb++uqzcLYwZN4.197","action":"GetUpdates", "result":"DeleteReceived", "context":{"id":"738e2b6d-c3f6-4ada-bb03-21021fc98436", "isDeleted:":"true", "version":"1702998299114"}}
{"logTime": "1221/014544", "correlationVector":"vBnrsxmJKb++uqzcLYwZN4.198","action":"GetUpdates", "result":"DeleteReceived", "context":{"id":"3933f86a-6b50-45f9-948a-6dc734620cc6", "isDeleted:":"true", "version":"1702998299115"}}
{"logTime": "1221/014544", "correlationVector":"vBnrsxmJKb++uqzcLYwZN4.199","action":"GetUpdates", "result":"DeleteReceived", "context":{"id":"feccc4a1-a9be-4b7a-afb0-ea89252ac3d2", "isDeleted:":"true", "version":"1702998299116"}}
{"logTime": "1221/014544", "correlationVector":"vBnrsxmJKb++uqzcLYwZN4.200","action":"GetUpdates", "result":"DeleteReceived", "context":{"id":"4706b4a9-3304-4388-afff-84b6096d792a", "isDeleted:":"true", "version":"1702998299117"}}
{"logTime": "1221/014544", "correlationVector":"vBnrsxmJKb++uqzcLYwZN4.201","action":"GetUpdates", "result":"DeleteReceived", "context":{"id":"fd4f10a3-0d4b-47be-ba41-6a64283da569", "isDeleted:":"true", "version":"1703026247258"}}
{"logTime": "1221/014544", "correlationVector":"vBnrsxmJKb++uqzcLYwZN4.202","action":"GetUpdates", "result":"DeleteReceived", "context":{"id":"9e72fdcc-78aa-4039-b90e-453ed51c29f5", "isDeleted:":"true", "version":"1703030534613"}}
{"logTime": "1221/014544", "correlationVector":"vBnrsxmJKb++uqzcLYwZN4.203","action":"GetUpdates", "result":"DeleteReceived", "context":{"id":"13f06db9-61ec-4f9e-b5a2-72d2e55b3268", "isDeleted:":"true", "version":"1703030534615"}}
{"logTime": "1221/014544", "correlationVector":"vBnrsxmJKb++uqzcLYwZN4.204","action":"GetUpdates", "result":"DeleteReceived", "context":{"id":"9173415a-6d74-41e3-8e85-7ed6f6c334c5", "isDeleted:":"true", "version":"1703030534616"}}
{"logTime": "1221/014544", "correlationVector":"vBnrsxmJKb++uqzcLYwZN4.205","action":"GetUpdates", "result":"DeleteReceived", "context":{"id":"43e44c58-b383-44d9-810f-61760cf70818", "isDeleted:":"true", "version":"1703030534617"}}
{"logTime": "1221/014544", "correlationVector":"vBnrsxmJKb++uqzcLYwZN4.206","action":"GetUpdates", "result":"DeleteReceived", "context":{"id":"d3b227ee-930a-436e-aa36-029fd93b3802", "isDeleted:":"true", "version":"1703030534618"}}
{"logTime": "1221/014544", "correlationVector":"vBnrsxmJKb++uqzcLYwZN4.207","action":"GetUpdates", "result":"DeleteReceived", "context":{"id":"f6d7c7bc-859b-48ba-a760-10649d9aee91", "isDeleted:":"true", "version":"1703030534619"}}
{"logTime": "1221/014544", "correlationVector":"vBnrsxmJKb++uqzcLYwZN4.208","action":"GetUpdates", "result":"DeleteReceived", "context":{"id":"69b12ad3-c78e-4978-b7b0-1d03d1662e85", "isDeleted:":"true", "version":"1703030534620"}}
{"logTime": "1221/014544", "correlationVector":"vBnrsxmJKb++uqzcLYwZN4.209","action":"GetUpdates", "result":"DeleteReceived", "context":{"id":"22ee457a-281d-43bd-8979-a8070b42bacd", "isDeleted:":"true", "version":"1703110834838"}}
{"logTime": "1221/014544", "correlationVector":"vBnrsxmJKb++uqzcLYwZN4.210","action":"GetUpdates", "result":"DeleteReceived", "context":{"id":"8ec32866-cf57-41a5-b5d2-9068d89ff73e", "isDeleted:":"true", "version":"1703110834839"}}
{"logTime": "1221/014544", "correlationVector":"vBnrsxmJKb++uqzcLYwZN4.211","action":"GetUpdates", "result":"DeleteReceived", "context":{"id":"1665e325-f765-4689-b181-826961a5c217", "isDeleted:":"true", "version":"1703110834842"}}
{"logTime": "1221/014544", "correlationVector":"vBnrsxmJKb++uqzcLYwZN4.212","action":"GetUpdates", "result":"DeleteReceived", "context":{"id":"6d0953b3-47a1-49d4-af13-ec337ca566a1", "isDeleted:":"true", "version":"1703110834843"}}
{"logTime": "1221/014544", "correlationVector":"vBnrsxmJKb++uqzcLYwZN4.213","action":"GetUpdates", "result":"DeleteReceived", "context":{"id":"4d80c4b7-f0d2-4303-b740-27a7fddbe312", "isDeleted:":"true", "version":"1703110834844"}}
{"logTime": "1221/014544", "correlationVector":"vBnrsxmJKb++uqzcLYwZN4.214","action":"GetUpdates", "result":"DeleteReceived", "context":{"id":"5fa09da9-a01e-4090-b454-055647793480", "isDeleted:":"true", "version":"1703110834845"}}
{"logTime": "1221/014544", "correlationVector":"vBnrsxmJKb++uqzcLYwZN4.215","action":"GetUpdates", "result":"DeleteReceived", "context":{"id":"735ad069-ed5c-419d-9745-d2d7d2549690", "isDeleted:":"true", "version":"1703110834846"}}
{"logTime": "1221/014544", "correlationVector":"vBnrsxmJKb++uqzcLYwZN4.216","action":"GetUpdates", "result":"DeleteReceived", "context":{"id":"04b81c51-b8b7-4d38-a3fc-efe186a81b16", "isDeleted:":"true", "version":"1703110834847"}}
{"logTime": "1221/014544", "correlationVector":"vBnrsxmJKb++uqzcLYwZN4.217","action":"GetUpdates", "result":"DeleteReceived", "context":{"id":"039f57be-01a5-4504-bb3e-faff78fffca5", "isDeleted:":"true", "version":"1703110834848"}}
{"logTime": "1221/014544", "correlationVector":"vBnrsxmJKb++uqzcLYwZN4.218","action":"GetUpdates", "result":"DeleteReceived", "context":{"id":"8ee837c6-7e79-43ae-9a95-b7f275e2ceab", "isDeleted:":"true", "version":"1703110834849"}}
{"logTime": "1221/014544", "correlationVector":"vBnrsxmJKb++uqzcLYwZN4.219","action":"GetUpdates", "result":"DeleteReceived", "context":{"id":"7e0aa01c-b73d-46ed-bf6e-355620ddbf85", "isDeleted:":"true", "version":"1703110834850"}}
{"logTime": "1221/014544", "correlationVector":"vBnrsxmJKb++uqzcLYwZN4.220","action":"GetUpdates", "result":"DeleteReceived", "context":{"id":"bdbfb639-fccf-4af0-bff4-b89d6034638d", "isDeleted:":"true", "version":"1703110834851"}}
{"logTime": "1221/014544", "correlationVector":"vBnrsxmJKb++uqzcLYwZN4.221","action":"GetUpdates", "result":"DeleteReceived", "context":{"id":"63f2cc55-34c2-4836-b9d7-03e6c11bc1b2", "isDeleted:":"true", "version":"1703110834852"}}
{"logTime": "1221/014544", "correlationVector":"vBnrsxmJKb++uqzcLYwZN4.222","action":"GetUpdates", "result":"DeleteReceived", "context":{"id":"9c34f81a-1e18-404c-a367-0678299604b9", "isDeleted:":"true", "version":"1703110834853"}}
{"logTime": "1221/014544", "correlationVector":"vBnrsxmJKb++uqzcLYwZN4.223","action":"GetUpdates", "result":"DeleteReceived", "context":{"id":"852cc6aa-9449-416c-9d6c-b94f096f5840", "isDeleted:":"true", "version":"1703110834854"}}
{"logTime": "1221/014544", "correlationVector":"vBnrsxmJKb++uqzcLYwZN4.224","action":"GetUpdates", "result":"DeleteReceived", "context":{"id":"faa9f37b-2c9b-40d6-adbf-5f84b82f6eb6", "isDeleted:":"true", "version":"1703110834855"}}
{"logTime": "1221/014544", "correlationVector":"vBnrsxmJKb++uqzcLYwZN4.225","action":"GetUpdates", "result":"DeleteReceived", "context":{"id":"c6f72102-d1f7-472b-952d-42aa093bd469", "isDeleted:":"true", "version":"1703110834856"}}
{"logTime": "1221/014544", "correlationVector":"vBnrsxmJKb++uqzcLYwZN4.226","action":"GetUpdates", "result":"DeleteReceived", "context":{"id":"95a6d3d4-752d-40b1-8723-699abfbbdd50", "isDeleted:":"true", "version":"1703110835820"}}
{"logTime": "1221/014544", "correlationVector":"vBnrsxmJKb++uqzcLYwZN4.227","action":"GetUpdates", "result":"DeleteReceived", "context":{"id":"000bbea1-acf2-41c1-bbb7-a3ef65f2430c", "isDeleted:":"true", "version":"1703110835821"}}
{"logTime": "1221/014544", "correlationVector":"vBnrsxmJKb++uqzcLYwZN4.228","action":"GetUpdates", "result":"DeleteReceived", "context":{"id":"d9ba5b90-a044-422e-9465-1e0564a6ae59", "isDeleted:":"true", "version":"1703110835822"}}
{"logTime": "1221/014544", "correlationVector":"vBnrsxmJKb++uqzcLYwZN4.229","action":"GetUpdates", "result":"DeleteReceived", "context":{"id":"4cfa265d-db10-4c34-a23e-c5dbd7cd404c", "isDeleted:":"true", "version":"1703110835823"}}
{"logTime": "1221/014544", "correlationVector":"vBnrsxmJKb++uqzcLYwZN4.230","action":"GetUpdates", "result":"DeleteReceived", "context":{"id":"f58c6a65-7533-4169-b213-c3c2a725edbd", "isDeleted:":"true", "version":"1703110835824"}}
{"logTime": "1221/014544", "correlationVector":"vBnrsxmJKb++uqzcLYwZN4.231","action":"GetUpdates", "result":"DeleteReceived", "context":{"id":"408615ff-081f-47b6-8d34-1dc4b46ea308", "isDeleted:":"true", "version":"1703110835825"}}
{"logTime": "1221/014544", "correlationVector":"vBnrsxmJKb++uqzcLYwZN4.232","action":"GetUpdates", "result":"DeleteReceived", "context":{"id":"47872829-b4f7-498c-a77f-e417cf97df4d", "isDeleted:":"true", "version":"1703110835826"}}
{"logTime": "1221/014544", "correlationVector":"vBnrsxmJKb++uqzcLYwZN4.233","action":"GetUpdates", "result":"DeleteReceived", "context":{"id":"b3083182-6c59-4c02-b64a-f10e4d1f78d9", "isDeleted:":"true", "version":"1703110835827"}}
{"logTime": "1221/014544", "correlationVector":"vBnrsxmJKb++uqzcLYwZN4.234","action":"GetUpdates", "result":"DeleteReceived", "context":{"id":"0658ebe6-4323-4346-a9f4-a1599f4ac854", "isDeleted:":"true", "version":"1703110835828"}}
{"logTime": "1221/014544", "correlationVector":"vBnrsxmJKb++uqzcLYwZN4.235","action":"GetUpdates", "result":"DeleteReceived", "context":{"id":"01a68cbd-2c6b-46a4-904b-fc18401394fe", "isDeleted:":"true", "version":"1703110835829"}}
{"logTime": "1221/014544", "correlationVector":"vBnrsxmJKb++uqzcLYwZN4.236","action":"GetUpdates", "result":"DeleteReceived", "context":{"id":"9a774949-ca6f-4068-a3c2-f257ec38be81", "isDeleted:":"true", "version":"1703117195094"}}
{"logTime": "1221/014544", "correlationVector":"vBnrsxmJKb++uqzcLYwZN4.237","action":"GetUpdates Response", "result":"SERVER_MORE_TO_DOWNLOAD", "context":Received 250 update(s).  Some updates remain.}
{"logTime": "1221/014544", "correlationVector":"b3neDLIYEvHNEz2zCJbZqK","action":"Initial GetUpdates", "result":"", "context":Reason: PROGRAMMATIC. cV=b3neDLIYEvHNEz2zCJbZqK}
{"logTime": "1221/014545", "correlationVector":"b3neDLIYEvHNEz2zCJbZqK.1","action":"SyncServerConnectionManagerRequest", "result":"SYNC_SERVER_OK", "context":{"environment":"Prod_EastUS_000w", "migrationStage":"NotStarted", "server":"GENERAL11000008"}}
{"logTime": "1221/014545", "correlationVector":"b3neDLIYEvHNEz2zCJbZqK.2","action":"GetUpdates", "result":"DeleteReceived", "context":{"id":"f0a08919-7b20-4809-af9c-637d8fe3fb66", "isDeleted:":"true", "version":"1703117195095"}}
{"logTime": "1221/014545", "correlationVector":"b3neDLIYEvHNEz2zCJbZqK.3","action":"GetUpdates", "result":"DeleteReceived", "context":{"id":"afaf4b95-30fa-4df4-9481-ce723bbad8f7", "isDeleted:":"true", "version":"1703117195098"}}
{"logTime": "1221/014545", "correlationVector":"b3neDLIYEvHNEz2zCJbZqK.4","action":"GetUpdates", "result":"DeleteReceived", "context":{"id":"52e8733a-c34c-46d4-bddf-cddb0d11bc64", "isDeleted:":"true", "version":"1703117195099"}}
{"logTime": "1221/014545", "correlationVector":"b3neDLIYEvHNEz2zCJbZqK.5","action":"GetUpdates", "result":"DeleteReceived", "context":{"id":"85e04989-8069-4787-863e-a6e0eeefb358", "isDeleted:":"true", "version":"1703117195100"}}
{"logTime": "1221/014545", "correlationVector":"b3neDLIYEvHNEz2zCJbZqK.6","action":"GetUpdates", "result":"DeleteReceived", "context":{"id":"a2d1bae9-436b-482e-bfcc-cb7033984158", "isDeleted:":"true", "version":"1703117195101"}}
{"logTime": "1221/014545", "correlationVector":"b3neDLIYEvHNEz2zCJbZqK.7","action":"GetUpdates", "result":"DeleteReceived", "context":{"id":"dbe9702d-2d7a-4ea1-8ddb-e775b1baa83e", "isDeleted:":"true", "version":"1703117195102"}}
{"logTime": "1221/014545", "correlationVector":"b3neDLIYEvHNEz2zCJbZqK.8","action":"GetUpdates", "result":"DeleteReceived", "context":{"id":"b9561722-2d48-4858-966a-13c69d6d57d5", "isDeleted:":"true", "version":"1703117195103"}}
{"logTime": "1221/014545", "correlationVector":"b3neDLIYEvHNEz2zCJbZqK.9","action":"GetUpdates", "result":"DeleteReceived", "context":{"id":"d470f325-e6d5-42d5-902b-330b87a02686", "isDeleted:":"true", "version":"1703117195104"}}
{"logTime": "1221/014545", "correlationVector":"b3neDLIYEvHNEz2zCJbZqK.10","action":"GetUpdates", "result":"DeleteReceived", "context":{"id":"1c63d3ea-8933-46d5-86c7-bb703eff008f", "isDeleted:":"true", "version":"1703117195105"}}
{"logTime": "1221/014545", "correlationVector":"b3neDLIYEvHNEz2zCJbZqK.11","action":"GetUpdates", "result":"DeleteReceived", "context":{"id":"53b4cc77-27cf-4a23-af88-0aafd07c6d85", "isDeleted:":"true", "version":"1703117195106"}}
{"logTime": "1221/014545", "correlationVector":"b3neDLIYEvHNEz2zCJbZqK.12","action":"GetUpdates", "result":"DeleteReceived", "context":{"id":"b9edba40-78e8-4c19-a334-6667313a92ef", "isDeleted:":"true", "version":"1703117195107"}}
{"logTime": "1221/014545", "correlationVector":"b3neDLIYEvHNEz2zCJbZqK.13","action":"GetUpdates", "result":"DeleteReceived", "context":{"id":"27be0bd0-6e0d-4b61-ba55-e3576b6d81ae", "isDeleted:":"true", "version":"1703117195108"}}
{"logTime": "1221/014545", "correlationVector":"b3neDLIYEvHNEz2zCJbZqK.14","action":"GetUpdates", "result":"DeleteReceived", "context":{"id":"815b4834-e963-4cfb-a0aa-a41c0e7e3249", "isDeleted:":"true", "version":"1703117195109"}}
{"logTime": "1221/014545", "correlationVector":"b3neDLIYEvHNEz2zCJbZqK.15","action":"GetUpdates Response", "result":"SYNCER_OK", "context":Received 22 update(s). cV=b3neDLIYEvHNEz2zCJbZqK.0;server=GENERAL11000008;cloudType=Consumer;environment=Prod_EastUS_000w;migrationStage=NotStarted}
{"logTime": "1221/014545", "correlationVector":"go+FEXN2EyF7LFjj3yb9SK","action":"Normal GetUpdate request", "result":"", "context":cV=go+FEXN2EyF7LFjj3yb9SK
Nudged types: Bookmarks, Passwords, Sessions, Device Info, User Consents
Refresh requested types: Bookmarks, Preferences, Passwords, Autofill Profiles, Autofill, Autofill Custom Data, Typed URLs, Extensions, Sessions, Extension settings, History Delete Directives, Device Info, User Consents, Send Tab To Self, Web Apps, Collection, Edge E Drop, Edge Hub App Usage, Edge Wallet, Encryption Keys}
{"logTime": "1221/014546", "correlationVector":"go+FEXN2EyF7LFjj3yb9SK.1","action":"SyncServerConnectionManagerRequest", "result":"SYNC_SERVER_OK", "context":{"environment":"Prod_EastUS_000w", "migrationStage":"NotStarted", "server":"GENERAL1100003B"}}
{"logTime": "1221/014546", "correlationVector":"go+FEXN2EyF7LFjj3yb9SK.2","action":"GetUpdates Response", "result":"SYNCER_OK", "context":Received 0 update(s). cV=go+FEXN2EyF7LFjj3yb9SK.0;server=GENERAL1100003B;cloudType=Consumer;environment=Prod_EastUS_000w;migrationStage=NotStarted}
{"logTime": "1221/014546", "correlationVector":"M44dDCUm8WhkKUvUC++iWG","action":"Commit Request", "result":"", "context":Item count: 2
Contributing types: Passwords, Device Info}
{"logTime": "1221/014546", "correlationVector":"M44dDCUm8WhkKUvUC++iWG.1","action":"SyncServerConnectionManagerRequest", "result":"SYNC_SERVER_OK", "context":{"environment":"Prod_EastUS_000w", "migrationStage":"NotStarted", "server":"GENERAL0100000Y"}}
{"logTime": "1221/014546", "correlationVector":"M44dDCUm8WhkKUvUC++iWG.2","action":"Commit Response", "result":"SYNCER_OK", "context":Result: SYNCER_OK. cV=M44dDCUm8WhkKUvUC++iWG.0;server=GENERAL0100000Y;cloudType=Consumer;environment=Prod_EastUS_000w;migrationStage=NotStarted}
{"logTime": "1221/014546", "correlationVector":"pOKFZuwGMR9idnJ4BHl1PG","action":"Commit Request", "result":"", "context":Item count: 20
Contributing types: Bookmarks}
{"logTime": "1221/014548", "correlationVector":"pOKFZuwGMR9idnJ4BHl1PG.1","action":"SyncServerConnectionManagerRequest", "result":"SYNC_SERVER_OK", "context":{"environment":"Prod_EastUS_000w", "migrationStage":"NotStarted", "server":"GENERAL1100003H"}}
{"logTime": "1221/014548", "correlationVector":"pOKFZuwGMR9idnJ4BHl1PG.2","action":"Commit Response", "result":"SYNCER_OK", "context":Result: SYNCER_OK. cV=pOKFZuwGMR9idnJ4BHl1PG.0;server=GENERAL1100003H;cloudType=Consumer;environment=Prod_EastUS_000w;migrationStage=NotStarted}
{"logTime": "1221/014548", "correlationVector":"8Bd5f9YpLu6LKR1iiMYHtB","action":"Commit Request", "result":"", "context":Item count: 11
Contributing types: Bookmarks, Sessions, User Consents}
{"logTime": "1221/014551", "correlationVector":"8Bd5f9YpLu6LKR1iiMYHtB.1","action":"SyncServerConnectionManagerRequest", "result":"SYNC_SERVER_OK", "context":{"environment":"Prod_EastUS_000w", "migrationStage":"NotStarted", "server":"GENERAL11000008"}}
{"logTime": "1221/014551", "correlationVector":"8Bd5f9YpLu6LKR1iiMYHtB.2","action":"Commit Response", "result":"SYNCER_OK", "context":Result: SYNCER_OK. cV=8Bd5f9YpLu6LKR1iiMYHtB.0;server=GENERAL11000008;cloudType=Consumer;environment=Prod_EastUS_000w;migrationStage=NotStarted}
{"logTime": "1221/014555", "correlationVector":"RNSCKJjxyVZgnsDkdkiE7e","action":"Commit Request", "result":"", "context":Item count: 20
Contributing types: Passwords}
{"logTime": "1221/014557", "correlationVector":"RNSCKJjxyVZgnsDkdkiE7e.1","action":"SyncServerConnectionManagerRequest", "result":"SYNC_SERVER_OK", "context":{"environment":"Prod_EastUS_000w", "migrationStage":"NotStarted", "server":"GENERAL1100002B"}}
{"logTime": "1221/014557", "correlationVector":"RNSCKJjxyVZgnsDkdkiE7e.2","action":"Commit Response", "result":"SYNCER_OK", "context":Result: SYNCER_OK. cV=RNSCKJjxyVZgnsDkdkiE7e.0;server=GENERAL1100002B;cloudType=Consumer;environment=Prod_EastUS_000w;migrationStage=NotStarted}
{"logTime": "1221/014557", "correlationVector":"H9B/VmUsAvmQvzhk196ONn","action":"Commit Request", "result":"", "context":Item count: 20
Contributing types: Passwords}
{"logTime": "1221/014558", "correlationVector":"H9B/VmUsAvmQvzhk196ONn.1","action":"SyncServerConnectionManagerRequest", "result":"SYNC_SERVER_OK", "context":{"environment":"Prod_EastUS_000w", "migrationStage":"NotStarted", "server":"GENERAL1100000J"}}
{"logTime": "1221/014558", "correlationVector":"H9B/VmUsAvmQvzhk196ONn.2","action":"Commit Response", "result":"SYNCER_OK", "context":Result: SYNCER_OK. cV=H9B/VmUsAvmQvzhk196ONn.0;server=GENERAL1100000J;cloudType=Consumer;environment=Prod_EastUS_000w;migrationStage=NotStarted}
{"logTime": "1221/014558", "correlationVector":"H9oOzQw/L8KltDo6KJjxPh","action":"Commit Request", "result":"", "context":Item count: 20
Contributing types: Passwords}
{"logTime": "1221/014559", "correlationVector":"H9oOzQw/L8KltDo6KJjxPh.1","action":"SyncServerConnectionManagerRequest", "result":"SYNC_SERVER_OK", "context":{"environment":"Prod_EastUS_000w", "migrationStage":"NotStarted", "server":"GENERAL0100000D"}}
{"logTime": "1221/014559", "correlationVector":"H9oOzQw/L8KltDo6KJjxPh.2","action":"Commit Response", "result":"SYNCER_OK", "context":Result: SYNCER_OK. cV=H9oOzQw/L8KltDo6KJjxPh.0;server=GENERAL0100000D;cloudType=Consumer;environment=Prod_EastUS_000w;migrationStage=NotStarted}
{"logTime": "1221/014559", "correlationVector":"WGmKToxV4IOsepxuznOVEL","action":"Commit Request", "result":"", "context":Item count: 20
Contributing types: Passwords}
{"logTime": "1221/014600", "correlationVector":"WGmKToxV4IOsepxuznOVEL.1","action":"SyncServerConnectionManagerRequest", "result":"SYNC_SERVER_OK", "context":{"environment":"Prod_EastUS_000w", "migrationStage":"NotStarted", "server":"GENERAL1100000S"}}
{"logTime": "1221/014600", "correlationVector":"WGmKToxV4IOsepxuznOVEL.2","action":"Commit Response", "result":"SYNCER_OK", "context":Result: SYNCER_OK. cV=WGmKToxV4IOsepxuznOVEL.0;server=GENERAL1100000S;cloudType=Consumer;environment=Prod_EastUS_000w;migrationStage=NotStarted}
{"logTime": "1221/014600", "correlationVector":"BhcJ2FLUT9JJ3GGSyKsyAQ","action":"Commit Request", "result":"", "context":Item count: 20
Contributing types: Passwords}
{"logTime": "1221/014620", "correlationVector":"BhcJ2FLUT9JJ3GGSyKsyAQ.1","action":"SyncServerConnectionManagerRequest", "result":"SYNC_SERVER_OK", "context":{"environment":"Prod_EastUS_000w", "migrationStage":"NotStarted", "server":"GENERAL1100001I"}}
{"logTime": "1221/014620", "correlationVector":"BhcJ2FLUT9JJ3GGSyKsyAQ.3","action":"Commit.Passwords", "result":"TransientError", "context":{"id":"16ff9320-3473-4534-bfce-360a49d0573a", "isDeleted":"false", "size":"327", "version":"1695856843669"}}
{"logTime": "1221/014620", "correlationVector":"BhcJ2FLUT9JJ3GGSyKsyAQ.4","action":"Commit.Passwords", "result":"TransientError", "context":{"id":"86a7a3e0-d6fb-456f-acab-c79949c54da6", "isDeleted":"false", "size":"286", "version":"1700332272789"}}
{"logTime": "1221/014620", "correlationVector":"BhcJ2FLUT9JJ3GGSyKsyAQ.2","action":"Commit Response", "result":"SYNCER_OK", "context":Result: SYNCER_OK. cV=BhcJ2FLUT9JJ3GGSyKsyAQ.0;server=GENERAL1100001I;cloudType=Consumer;environment=Prod_EastUS_000w;migrationStage=NotStarted}
{"logTime": "1221/014620", "correlationVector":"BhcJ2FLUT9JJ3GGSyKsyAQ.5","action":"Commit.Passwords", "result":"TransientError", "context":{"id":"a53e56bd-5ed4-4715-95aa-082a1840264d", "isDeleted":"false", "size":"283", "version":"1695856843672"}}
{"logTime": "1221/014620", "correlationVector":"BhcJ2FLUT9JJ3GGSyKsyAQ.6","action":"Commit.Passwords", "result":"TransientError", "context":{"id":"e9ffd5e7-a1d3-4249-bf49-df3e972f349b", "isDeleted":"false", "size":"290", "version":"1699365295023"}}
{"logTime": "1221/014620", "correlationVector":"BhcJ2FLUT9JJ3GGSyKsyAQ.7","action":"Commit.Passwords", "result":"TransientError", "context":{"id":"a09e5180-101b-40d8-9638-43aa54a5d449", "isDeleted":"false", "size":"285", "version":"1701567608373"}}
{"logTime": "1221/014620", "correlationVector":"BhcJ2FLUT9JJ3GGSyKsyAQ.8","action":"Commit.Passwords", "result":"TransientError", "context":{"id":"6c04d74c-f86d-440a-955a-42dc5ef11364", "isDeleted":"false", "size":"291", "version":"1695856843675"}}
{"logTime": "1221/014620", "correlationVector":"BhcJ2FLUT9JJ3GGSyKsyAQ.9","action":"Commit.Passwords", "result":"TransientError", "context":{"id":"3ff72377-a3d0-4788-8729-00ee4053925c", "isDeleted":"false", "size":"398", "version":"1695856843676"}}
{"logTime": "1221/014620", "correlationVector":"BhcJ2FLUT9JJ3GGSyKsyAQ.10","action":"Commit.Passwords", "result":"TransientError", "context":{"id":"c219c131-2b41-4d38-99a0-fd3cd578e7fa", "isDeleted":"false", "size":"209", "version":"1702842252075"}}
{"logTime": "1221/014620", "correlationVector":"BhcJ2FLUT9JJ3GGSyKsyAQ.11","action":"Commit.Passwords", "result":"TransientError", "context":{"id":"d04e57a0-c6fe-43d3-bd83-7f078d42243c", "isDeleted":"false", "size":"323", "version":"1700331174807"}}
{"logTime": "1221/014620", "correlationVector":"BhcJ2FLUT9JJ3GGSyKsyAQ.12","action":"Commit.Passwords", "result":"TransientError", "context":{"id":"b8fc8bf6-4fa8-4f69-a67f-5d4c78214be6", "isDeleted":"false", "size":"239", "version":"1695856843678"}}
{"logTime": "1221/014620", "correlationVector":"BhcJ2FLUT9JJ3GGSyKsyAQ.13","action":"Commit.Passwords", "result":"TransientError", "context":{"id":"1e794aec-2474-4098-a40e-ae1e7871f6a2", "isDeleted":"false", "size":"289", "version":"1695856843679"}}
{"logTime": "1221/014620", "correlationVector":"BhcJ2FLUT9JJ3GGSyKsyAQ.14","action":"Commit.Passwords", "result":"TransientError", "context":{"id":"f7397066-5122-4b65-a043-c7e8dbaaa770", "isDeleted":"false", "size":"287", "version":"1695856843680"}}
{"logTime": "1221/014620", "correlationVector":"BhcJ2FLUT9JJ3GGSyKsyAQ.15","action":"Commit.Passwords", "result":"TransientError", "context":{"id":"9333ff16-1471-4846-b1b0-5f79e91aea27", "isDeleted":"false", "size":"215", "version":"1695856843681"}}
{"logTime": "1221/014620", "correlationVector":"BhcJ2FLUT9JJ3GGSyKsyAQ.16","action":"Commit.Passwords", "result":"TransientError", "context":{"id":"c4bad502-f1ba-42b8-b66f-ba2ed0b9d33e", "isDeleted":"false", "size":"227", "version":"1695856843682"}}
{"logTime": "1221/014620", "correlationVector":"BhcJ2FLUT9JJ3GGSyKsyAQ.17","action":"Commit.Passwords", "result":"TransientError", "context":{"id":"c9b2ca11-669f-4676-84d8-1bcbdac8a115", "isDeleted":"false", "size":"273", "version":"1695856844564"}}
{"logTime": "1221/014620", "correlationVector":"BhcJ2FLUT9JJ3GGSyKsyAQ.18","action":"Commit.Passwords", "result":"TransientError", "context":{"id":"7037d928-1b3d-4bce-9052-8eeab9a01e09", "isDeleted":"false", "size":"268", "version":"1695856844565"}}
{"logTime": "1221/014620", "correlationVector":"BhcJ2FLUT9JJ3GGSyKsyAQ.19","action":"Commit.Passwords", "result":"TransientError", "context":{"id":"5fdff67a-cd01-4896-8cd3-b0441c91087f", "isDeleted":"false", "size":"231", "version":"1698359922511"}}
{"logTime": "1221/014620", "correlationVector":"BhcJ2FLUT9JJ3GGSyKsyAQ.20","action":"Commit.Passwords", "result":"TransientError", "context":{"id":"f9c4bbf0-8518-47cc-900d-16884639a82d", "isDeleted":"false", "size":"389", "version":"1695856844566"}}
{"logTime": "1221/014620", "correlationVector":"BhcJ2FLUT9JJ3GGSyKsyAQ.21","action":"Commit.Passwords", "result":"TransientError", "context":{"id":"bb116dfe-1c27-45f6-87e9-abe8700a0d57", "isDeleted":"false", "size":"366", "version":"1695856844567"}}
{"logTime": "1221/014620", "correlationVector":"BhcJ2FLUT9JJ3GGSyKsyAQ.22","action":"Commit.Passwords", "result":"TransientError", "context":{"id":"9f387325-6271-4441-9459-1af895f07ede", "isDeleted":"false", "size":"248", "version":"1695856844568"}}
{"logTime": "1221/014705", "correlationVector":"/KVXvdoEyFsgftOEba9wp/","action":"Commit Request", "result":"", "context":Item count: 20
Contributing types: Passwords}
{"logTime": "1221/014706", "correlationVector":"/KVXvdoEyFsgftOEba9wp/.1","action":"SyncServerConnectionManagerRequest", "result":"SYNC_SERVER_OK", "context":{"environment":"Prod_EastUS_000w", "migrationStage":"NotStarted", "server":"GENERAL1100000C"}}
{"logTime": "1221/014706", "correlationVector":"/KVXvdoEyFsgftOEba9wp/.2","action":"Commit Response", "result":"SYNCER_OK", "context":Result: SYNCER_OK. cV=/KVXvdoEyFsgftOEba9wp/.0;server=GENERAL1100000C;cloudType=Consumer;environment=Prod_EastUS_000w;migrationStage=NotStarted}
{"logTime": "1221/014706", "correlationVector":"teG3dJRqtan4YnqsKQRsTR","action":"Commit Request", "result":"", "context":Item count: 20
Contributing types: Passwords}
{"logTime": "1221/014707", "correlationVector":"teG3dJRqtan4YnqsKQRsTR.1","action":"SyncServerConnectionManagerRequest", "result":"SYNC_SERVER_OK", "context":{"environment":"Prod_EastUS_000w", "migrationStage":"NotStarted", "server":"GENERAL01000001"}}
{"logTime": "1221/014707", "correlationVector":"teG3dJRqtan4YnqsKQRsTR.2","action":"Commit Response", "result":"SYNCER_OK", "context":Result: SYNCER_OK. cV=teG3dJRqtan4YnqsKQRsTR.0;server=GENERAL01000001;cloudType=Consumer;environment=Prod_EastUS_000w;migrationStage=NotStarted}
{"logTime": "1221/014707", "correlationVector":"XQ0RHWvWhY6JT7iXKiwc09","action":"Commit Request", "result":"", "context":Item count: 20
Contributing types: Passwords}
{"logTime": "1221/014708", "correlationVector":"XQ0RHWvWhY6JT7iXKiwc09.1","action":"SyncServerConnectionManagerRequest", "result":"SYNC_SERVER_OK", "context":{"environment":"Prod_EastUS_000w", "migrationStage":"NotStarted", "server":"GENERAL1100002F"}}
{"logTime": "1221/014708", "correlationVector":"XQ0RHWvWhY6JT7iXKiwc09.2","action":"Commit Response", "result":"SYNCER_OK", "context":Result: SYNCER_OK. cV=XQ0RHWvWhY6JT7iXKiwc09.0;server=GENERAL1100002F;cloudType=Consumer;environment=Prod_EastUS_000w;migrationStage=NotStarted}
{"logTime": "1221/014708", "correlationVector":"oY8N0pmsU+iKClN47BIU2y","action":"Commit Request", "result":"", "context":Item count: 13
Contributing types: Passwords}
{"logTime": "1221/014709", "correlationVector":"oY8N0pmsU+iKClN47BIU2y.1","action":"SyncServerConnectionManagerRequest", "result":"SYNC_SERVER_OK", "context":{"environment":"Prod_EastUS_000w", "migrationStage":"NotStarted", "server":"GENERAL1100001I"}}
{"logTime": "1221/014709", "correlationVector":"oY8N0pmsU+iKClN47BIU2y.2","action":"Commit Response", "result":"SYNCER_OK", "context":Result: SYNCER_OK. cV=oY8N0pmsU+iKClN47BIU2y.0;server=GENERAL1100001I;cloudType=Consumer;environment=Prod_EastUS_000w;migrationStage=NotStarted}
{"logTime": "1221/014709", "correlationVector":"UpowXNKxh/gFb61xemxnzN","action":"Commit Request", "result":"", "context":Item count: 3
Contributing types: Preferences, Sessions, Web Apps}
{"logTime": "1221/014710", "correlationVector":"UpowXNKxh/gFb61xemxnzN.1","action":"SyncServerConnectionManagerRequest", "result":"SYNC_SERVER_OK", "context":{"environment":"Prod_EastUS_000w", "migrationStage":"NotStarted", "server":"GENERAL0100000A"}}
{"logTime": "1221/014710", "correlationVector":"UpowXNKxh/gFb61xemxnzN.2","action":"Commit Response", "result":"SYNCER_OK", "context":Result: SYNCER_OK. cV=UpowXNKxh/gFb61xemxnzN.0;server=GENERAL0100000A;cloudType=Consumer;environment=Prod_EastUS_000w;migrationStage=NotStarted}
{"logTime": "1221/014844", "correlationVector":"mMI0zVe6Tii1/Tk01wHyHu","action":"Commit Request", "result":"", "context":Item count: 1
Contributing types: Sessions}
{"logTime": "1221/014845", "correlationVector":"mMI0zVe6Tii1/Tk01wHyHu.1","action":"SyncServerConnectionManagerRequest", "result":"SYNC_SERVER_OK", "context":{"environment":"Prod_EastUS_000w", "migrationStage":"NotStarted", "server":"GENERAL1100003B"}}
{"logTime": "1221/014845", "correlationVector":"mMI0zVe6Tii1/Tk01wHyHu.2","action":"Commit Response", "result":"SYNCER_OK", "context":Result: SYNCER_OK. cV=mMI0zVe6Tii1/Tk01wHyHu.0;server=GENERAL1100003B;cloudType=Consumer;environment=Prod_EastUS_000w;migrationStage=NotStarted}
{"logTime": "1221/014916", "correlationVector":"d8y1xeRuMBPf6hoSk6F777","action":"Commit Request", "result":"", "context":Item count: 1
Contributing types: Sessions}
{"logTime": "1221/014916", "correlationVector":"d8y1xeRuMBPf6hoSk6F777.1","action":"SyncServerConnectionManagerRequest", "result":"SYNC_SERVER_OK", "context":{"environment":"Prod_EastUS_000w", "migrationStage":"NotStarted", "server":"GENERAL0100000V"}}
{"logTime": "1221/014916", "correlationVector":"d8y1xeRuMBPf6hoSk6F777.2","action":"Commit Response", "result":"SYNCER_OK", "context":Result: SYNCER_OK. cV=d8y1xeRuMBPf6hoSk6F777.0;server=GENERAL0100000V;cloudType=Consumer;environment=Prod_EastUS_000w;migrationStage=NotStarted}
{"logTime": "1221/014954", "correlationVector":"pOLFpEAPdXEvhw+4YLRlcK","action":"Normal GetUpdate request", "result":"", "context":cV=pOLFpEAPdXEvhw+4YLRlcK
Nudged types: Sessions
Refresh requested types: Bookmarks, Preferences, Passwords, Autofill Profiles, Autofill, Autofill Custom Data, Typed URLs, Extensions, Sessions, Extension settings, History Delete Directives, Device Info, User Consents, Send Tab To Self, Web Apps, Collection, Edge E Drop, Edge Hub App Usage, Edge Wallet, Encryption Keys}
{"logTime": "1221/014954", "correlationVector":"pOLFpEAPdXEvhw+4YLRlcK.1","action":"SyncServerConnectionManagerRequest", "result":"SYNC_SERVER_OK", "context":{"environment":"Prod_EastUS_000w", "migrationStage":"NotStarted", "server":"GENERAL1100000D"}}
{"logTime": "1221/014954", "correlationVector":"pOLFpEAPdXEvhw+4YLRlcK.2","action":"GetUpdates Response", "result":"SYNCER_OK", "context":Received 185 update(s). cV=pOLFpEAPdXEvhw+4YLRlcK.0;server=GENERAL1100000D;cloudType=Consumer;environment=Prod_EastUS_000w;migrationStage=NotStarted}
{"logTime": "1221/014954", "correlationVector":"uZJFFR5reDR6rqDl4g1lYG","action":"Commit Request", "result":"", "context":Item count: 1
Contributing types: Sessions}
{"logTime": "1221/014954", "correlationVector":"uZJFFR5reDR6rqDl4g1lYG.1","action":"SyncServerConnectionManagerRequest", "result":"SYNC_SERVER_OK", "context":{"environment":"Prod_EastUS_000w", "migrationStage":"NotStarted", "server":"GENERAL1100001B"}}
{"logTime": "1221/014954", "correlationVector":"uZJFFR5reDR6rqDl4g1lYG.2","action":"Commit Response", "result":"SYNCER_OK", "context":Result: SYNCER_OK. cV=uZJFFR5reDR6rqDl4g1lYG.0;server=GENERAL1100001B;cloudType=Consumer;environment=Prod_EastUS_000w;migrationStage=NotStarted}
{"logTime": "1221/015101", "correlationVector":"8BJXN/2QBjUQcD6rpa9+C5","action":"Commit Request", "result":"", "context":Item count: 1
Contributing types: Sessions}
{"logTime": "1221/015101", "correlationVector":"8BJXN/2QBjUQcD6rpa9+C5.1","action":"SyncServerConnectionManagerRequest", "result":"SYNC_SERVER_OK", "context":{"environment":"Prod_EastUS_000w", "migrationStage":"NotStarted", "server":"GENERAL1100001O"}}
{"logTime": "1221/015101", "correlationVector":"8BJXN/2QBjUQcD6rpa9+C5.2","action":"Commit Response", "result":"SYNCER_OK", "context":Result: SYNCER_OK. cV=8BJXN/2QBjUQcD6rpa9+C5.0;server=GENERAL1100001O;cloudType=Consumer;environment=Prod_EastUS_000w;migrationStage=NotStarted}
{"logTime": "1221/015158", "correlationVector":"JUPc8e6aRkOTdtDQwEfE+/","action":"Commit Request", "result":"", "context":Item count: 1
Contributing types: Sessions}
{"logTime": "1221/015159", "correlationVector":"JUPc8e6aRkOTdtDQwEfE+/.1","action":"SyncServerConnectionManagerRequest", "result":"SYNC_SERVER_OK", "context":{"environment":"Prod_EastUS2_000e", "migrationStage":"NotStarted", "server":"GENERAL0100003A"}}
{"logTime": "1221/015159", "correlationVector":"JUPc8e6aRkOTdtDQwEfE+/.2","action":"Commit Response", "result":"SYNCER_OK", "context":Result: SYNCER_OK. cV=JUPc8e6aRkOTdtDQwEfE+/.0;server=GENERAL0100003A;cloudType=Consumer;environment=Prod_EastUS2_000e;migrationStage=NotStarted}
{"logTime": "1221/015229", "correlationVector":"Clot5McUKk5lpljYIJthwK","action":"Commit Request", "result":"", "context":Item count: 1
Contributing types: Sessions}
{"logTime": "1221/015229", "correlationVector":"Clot5McUKk5lpljYIJthwK.1","action":"SyncServerConnectionManagerRequest", "result":"SYNC_SERVER_OK", "context":{"environment":"Prod_EastUS_000w", "migrationStage":"NotStarted", "server":"GENERAL01000001"}}
{"logTime": "1221/015229", "correlationVector":"Clot5McUKk5lpljYIJthwK.2","action":"Commit Response", "result":"SYNCER_OK", "context":Result: SYNCER_OK. cV=Clot5McUKk5lpljYIJthwK.0;server=GENERAL01000001;cloudType=Consumer;environment=Prod_EastUS_000w;migrationStage=NotStarted}
{"logTime": "1221/015314", "correlationVector":"Ibyy/L8mUX6WOSYULswXDv","action":"Commit Request", "result":"", "context":Item count: 1
Contributing types: Sessions}
{"logTime": "1221/015314", "correlationVector":"Ibyy/L8mUX6WOSYULswXDv.1","action":"SyncServerConnectionManagerRequest", "result":"SYNC_SERVER_OK", "context":{"environment":"Prod_EastUS_000w", "migrationStage":"NotStarted", "server":"GENERAL01000006"}}
{"logTime": "1221/015314", "correlationVector":"Ibyy/L8mUX6WOSYULswXDv.2","action":"Commit Response", "result":"SYNCER_OK", "context":Result: SYNCER_OK. cV=Ibyy/L8mUX6WOSYULswXDv.0;server=GENERAL01000006;cloudType=Consumer;environment=Prod_EastUS_000w;migrationStage=NotStarted}
{"logTime": "1221/015351", "correlationVector":"kK6xRGR5WW1DAgn3iAuGOr","action":"Commit Request", "result":"", "context":Item count: 1
Contributing types: Sessions}
{"logTime": "1221/015351", "correlationVector":"kK6xRGR5WW1DAgn3iAuGOr.1","action":"SyncServerConnectionManagerRequest", "result":"SYNC_SERVER_OK", "context":{"environment":"Prod_EastUS_000w", "migrationStage":"NotStarted", "server":"GENERAL0100000A"}}
{"logTime": "1221/015351", "correlationVector":"kK6xRGR5WW1DAgn3iAuGOr.2","action":"Commit Response", "result":"SYNCER_OK", "context":Result: SYNCER_OK. cV=kK6xRGR5WW1DAgn3iAuGOr.0;server=GENERAL0100000A;cloudType=Consumer;environment=Prod_EastUS_000w;migrationStage=NotStarted}
{"logTime": "1221/015521", "correlationVector":"GRQ2eKGl7neyVLi4P2CAMp","action":"Commit Request", "result":"", "context":Item count: 1
Contributing types: Sessions}
{"logTime": "1221/015521", "correlationVector":"GRQ2eKGl7neyVLi4P2CAMp.1","action":"SyncServerConnectionManagerRequest", "result":"SYNC_SERVER_OK", "context":{"environment":"Prod_EastUS_000w", "migrationStage":"NotStarted", "server":"GENERAL0100000A"}}
{"logTime": "1221/015521", "correlationVector":"GRQ2eKGl7neyVLi4P2CAMp.2","action":"Commit Response", "result":"SYNCER_OK", "context":Result: SYNCER_OK. cV=GRQ2eKGl7neyVLi4P2CAMp.0;server=GENERAL0100000A;cloudType=Consumer;environment=Prod_EastUS_000w;migrationStage=NotStarted}
{"logTime": "1221/015649", "correlationVector":"wjSPWzM9BPgWdrZe7YpUr/","action":"Commit Request", "result":"", "context":Item count: 1
Contributing types: Sessions}
{"logTime": "1221/015649", "correlationVector":"wjSPWzM9BPgWdrZe7YpUr/.1","action":"SyncServerConnectionManagerRequest", "result":"SYNC_SERVER_OK", "context":{"environment":"Prod_EastUS_000w", "migrationStage":"NotStarted", "server":"GENERAL0100000A"}}
{"logTime": "1221/015649", "correlationVector":"wjSPWzM9BPgWdrZe7YpUr/.2","action":"Commit Response", "result":"SYNCER_OK", "context":Result: SYNCER_OK. cV=wjSPWzM9BPgWdrZe7YpUr/.0;server=GENERAL0100000A;cloudType=Consumer;environment=Prod_EastUS_000w;migrationStage=NotStarted}
{"logTime": "1221/020123", "correlationVector":"zwzgCHRbZJftU+yj73HoHl","action":"Commit Request", "result":"", "context":Item count: 1
Contributing types: Sessions}
{"logTime": "1221/020123", "correlationVector":"zwzgCHRbZJftU+yj73HoHl.1","action":"SyncServerConnectionManagerRequest", "result":"SYNC_SERVER_OK", "context":{"environment":"Prod_EastUS_000w", "migrationStage":"NotStarted", "server":"GENERAL11000038"}}
{"logTime": "1221/020123", "correlationVector":"zwzgCHRbZJftU+yj73HoHl.2","action":"Commit Response", "result":"SYNCER_OK", "context":Result: SYNCER_OK. cV=zwzgCHRbZJftU+yj73HoHl.0;server=GENERAL11000038;cloudType=Consumer;environment=Prod_EastUS_000w;migrationStage=NotStarted}
{"logTime": "1221/020627", "correlationVector":"y4nLpI5alM8FKQ2UoCOO5k","action":"Commit Request", "result":"", "context":Item count: 1
Contributing types: Sessions}
{"logTime": "1221/020628", "correlationVector":"y4nLpI5alM8FKQ2UoCOO5k.1","action":"SyncServerConnectionManagerRequest", "result":"SYNC_SERVER_OK", "context":{"environment":"Prod_EastUS_000w", "migrationStage":"NotStarted", "server":"GENERAL1100000A"}}
{"logTime": "1221/020628", "correlationVector":"y4nLpI5alM8FKQ2UoCOO5k.2","action":"Commit Response", "result":"SYNCER_OK", "context":Result: SYNCER_OK. cV=y4nLpI5alM8FKQ2UoCOO5k.0;server=GENERAL1100000A;cloudType=Consumer;environment=Prod_EastUS_000w;migrationStage=NotStarted}
{"logTime": "1221/020832", "correlationVector":"V2uNz6qSqyWHEoA8PXjdpq","action":"Commit Request", "result":"", "context":Item count: 2
Contributing types: Preferences, Sessions}
{"logTime": "1221/020833", "correlationVector":"V2uNz6qSqyWHEoA8PXjdpq.1","action":"SyncServerConnectionManagerRequest", "result":"SYNC_SERVER_OK", "context":{"environment":"Prod_EastUS_000w", "migrationStage":"NotStarted", "server":"GENERAL11000017"}}
{"logTime": "1221/020833", "correlationVector":"V2uNz6qSqyWHEoA8PXjdpq.2","action":"Commit Response", "result":"SYNCER_OK", "context":Result: SYNCER_OK. cV=V2uNz6qSqyWHEoA8PXjdpq.0;server=GENERAL11000017;cloudType=Consumer;environment=Prod_EastUS_000w;migrationStage=NotStarted}
{"logTime": "1221/021159", "correlationVector":"peQXeFqDMvQn4t0JfuZ3H0","action":"Commit Request", "result":"", "context":Item count: 1
Contributing types: Sessions}
{"logTime": "1221/021200", "correlationVector":"peQXeFqDMvQn4t0JfuZ3H0.1","action":"SyncServerConnectionManagerRequest", "result":"SYNC_SERVER_OK", "context":{"environment":"Prod_EastUS_000w", "migrationStage":"NotStarted", "server":"GENERAL1100002P"}}
{"logTime": "1221/021200", "correlationVector":"peQXeFqDMvQn4t0JfuZ3H0.2","action":"Commit Response", "result":"SYNCER_OK", "context":Result: SYNCER_OK. cV=peQXeFqDMvQn4t0JfuZ3H0.0;server=GENERAL1100002P;cloudType=Consumer;environment=Prod_EastUS_000w;migrationStage=NotStarted}
{"logTime": "1221/021247", "correlationVector":"ydeAstR2TrxALqrx6wNX5o","action":"Commit Request", "result":"", "context":Item count: 1
Contributing types: Sessions}
{"logTime": "1221/021248", "correlationVector":"ydeAstR2TrxALqrx6wNX5o.1","action":"SyncServerConnectionManagerRequest", "result":"SYNC_SERVER_OK", "context":{"environment":"Prod_EastUS_000w", "migrationStage":"NotStarted", "server":"GENERAL0100000D"}}
{"logTime": "1221/021248", "correlationVector":"ydeAstR2TrxALqrx6wNX5o.2","action":"Commit Response", "result":"SYNCER_OK", "context":Result: SYNCER_OK. cV=ydeAstR2TrxALqrx6wNX5o.0;server=GENERAL0100000D;cloudType=Consumer;environment=Prod_EastUS_000w;migrationStage=NotStarted}
{"logTime": "1221/021425", "correlationVector":"yVeHwdrbbqYB6I5sg6vFbF","action":"Commit Request", "result":"", "context":Item count: 1
Contributing types: Sessions}
{"logTime": "1221/021425", "correlationVector":"yVeHwdrbbqYB6I5sg6vFbF.1","action":"SyncServerConnectionManagerRequest", "result":"SYNC_SERVER_OK", "context":{"environment":"Prod_EastUS_000w", "migrationStage":"NotStarted", "server":"GENERAL1100003L"}}
{"logTime": "1221/021425", "correlationVector":"yVeHwdrbbqYB6I5sg6vFbF.2","action":"Commit Response", "result":"SYNCER_OK", "context":Result: SYNCER_OK. cV=yVeHwdrbbqYB6I5sg6vFbF.0;server=GENERAL1100003L;cloudType=Consumer;environment=Prod_EastUS_000w;migrationStage=NotStarted}
{"logTime": "1221/021504", "correlationVector":"O0XMEsfoo9aCo2EeMOHkJs","action":"Commit Request", "result":"", "context":Item count: 1
Contributing types: Sessions}
{"logTime": "1221/021504", "correlationVector":"O0XMEsfoo9aCo2EeMOHkJs.1","action":"SyncServerConnectionManagerRequest", "result":"SYNC_SERVER_OK", "context":{"environment":"Prod_EastUS_000w", "migrationStage":"NotStarted", "server":"GENERAL11000010"}}
{"logTime": "1221/021504", "correlationVector":"O0XMEsfoo9aCo2EeMOHkJs.2","action":"Commit Response", "result":"SYNCER_OK", "context":Result: SYNCER_OK. cV=O0XMEsfoo9aCo2EeMOHkJs.0;server=GENERAL11000010;cloudType=Consumer;environment=Prod_EastUS_000w;migrationStage=NotStarted}
{"logTime": "1221/021722", "correlationVector":"FJQou1Z9hEyHAbgR8xmeBa","action":"Normal GetUpdate request", "result":"", "context":cV=FJQou1Z9hEyHAbgR8xmeBa
Nudged types: Sessions
Notified types: Passwords
Refresh requested types: Autofill Profiles}
{"logTime": "1221/021723", "correlationVector":"FJQou1Z9hEyHAbgR8xmeBa.1","action":"SyncServerConnectionManagerRequest", "result":"SYNC_SERVER_OK", "context":{"environment":"Prod_EastUS_000w", "migrationStage":"NotStarted", "server":"GENERAL1100002P"}}
{"logTime": "1221/021723", "correlationVector":"FJQou1Z9hEyHAbgR8xmeBa.2","action":"GetUpdates Response", "result":"SYNCER_OK", "context":Received 6 update(s). cV=FJQou1Z9hEyHAbgR8xmeBa.0;server=GENERAL1100002P;cloudType=Consumer;environment=Prod_EastUS_000w;migrationStage=NotStarted}
{"logTime": "1221/021723", "correlationVector":"/akre3QD7NrHwjjL1z2DAv","action":"Commit Request", "result":"", "context":Item count: 1
Contributing types: Sessions}
{"logTime": "1221/021723", "correlationVector":"/akre3QD7NrHwjjL1z2DAv.1","action":"SyncServerConnectionManagerRequest", "result":"SYNC_SERVER_OK", "context":{"environment":"Prod_EastUS_000w", "migrationStage":"NotStarted", "server":"GENERAL1100000D"}}
{"logTime": "1221/021723", "correlationVector":"/akre3QD7NrHwjjL1z2DAv.2","action":"Commit Response", "result":"SYNCER_OK", "context":Result: SYNCER_OK. cV=/akre3QD7NrHwjjL1z2DAv.0;server=GENERAL1100000D;cloudType=Consumer;environment=Prod_EastUS_000w;migrationStage=NotStarted}
{"logTime": "1221/021725", "correlationVector":"qclVcqGV4d6sbmx6e2lsf9","action":"Normal GetUpdate request", "result":"", "context":cV=qclVcqGV4d6sbmx6e2lsf9
Nudged types: Preferences, Sessions
Notified types: Preferences
Refresh requested types: Autofill Profiles}
{"logTime": "1221/021725", "correlationVector":"qclVcqGV4d6sbmx6e2lsf9.1","action":"SyncServerConnectionManagerRequest", "result":"SYNC_SERVER_OK", "context":{"environment":"Prod_EastUS_000w", "migrationStage":"NotStarted", "server":"GENERAL01000012"}}
{"logTime": "1221/021725", "correlationVector":"qclVcqGV4d6sbmx6e2lsf9.2","action":"GetUpdates Response", "result":"SYNCER_OK", "context":Received 3 update(s). cV=qclVcqGV4d6sbmx6e2lsf9.0;server=GENERAL01000012;cloudType=Consumer;environment=Prod_EastUS_000w;migrationStage=NotStarted}
{"logTime": "1221/175042", "correlationVector":"4zEjTFewSBoIcL9BPT9TH2.1","action":"SyncServerConnectionManagerRequest", "result":"SYNC_SERVER_OK", "context":{"environment":"Prod_EastUS_000w", "migrationStage":"NotStarted", "server":"GENERAL1100000S"}}
{"logTime": "1221/175042", "correlationVector":"4zEjTFewSBoIcL9BPT9TH2","action":"Initial GetUpdates", "result":"", "context":Reason: NEW_CLIENT. cV=4zEjTFewSBoIcL9BPT9TH2}
{"logTime": "1221/175042", "correlationVector":"4zEjTFewSBoIcL9BPT9TH2.2","action":"GetUpdates Response", "result":"SYNCER_OK", "context":Received 1 update(s). cV=4zEjTFewSBoIcL9BPT9TH2.0;server=GENERAL1100000S;cloudType=Consumer;environment=Prod_EastUS_000w;migrationStage=NotStarted}
{"logTime": "1221/175044", "correlationVector":"eoo5XBCDBn9Txa3pRwQe5B.0","action":"FeedSettingFetch_homeCloud", "result":"0", "context":{}}
{"logTime": "1221/175056", "correlationVector":"IW0MlXXH2fJ8bQ2ZPn4B6Y","action":"SyncServerConnectionManagerRequest", "result":"SYNC_SERVER_OK", "context":{"environment":"", "migrationStage":"", "server":""}}
{"logTime": "1221/175056", "correlationVector":"qkotJFo1E+21+609MiUz/K","action":"Initial GetUpdates", "result":"", "context":Reason: NEWLY_SUPPORTED_DATATYPE. cV=qkotJFo1E+21+609MiUz/K}
{"logTime": "1221/175211", "correlationVector":"qkotJFo1E+21+609MiUz/K.1","action":"SyncServerConnectionManagerRequest", "result":"SYNC_SERVER_OK", "context":{"environment":"Prod_EastUS_000w", "migrationStage":"NotStarted", "server":"GENERAL1100001N"}}
{"logTime": "1221/175211", "correlationVector":"qkotJFo1E+21+609MiUz/K.2","action":"GetUpdates", "result":"DeleteReceived", "context":{"id":"283baa25-ea3f-4c28-82a8-4555a3a22de4", "isDeleted:":"true", "version":"1681164886546"}}
{"logTime": "1221/175211", "correlationVector":"qkotJFo1E+21+609MiUz/K.3","action":"GetUpdates", "result":"DeleteReceived", "context":{"id":"1aa5ea3e-6b0b-4bb5-9c0f-84bd5a3e5b78", "isDeleted:":"true", "version":"1683137120908"}}
{"logTime": "1221/175211", "correlationVector":"qkotJFo1E+21+609MiUz/K.4","action":"GetUpdates", "result":"DeleteReceived", "context":{"id":"f7a769e2-983c-4b5e-a550-8e1ae507df77", "isDeleted:":"true", "version":"1683575824185"}}
{"logTime": "1221/175211", "correlationVector":"qkotJFo1E+21+609MiUz/K.5","action":"GetUpdates", "result":"DeleteReceived", "context":{"id":"1fb2aa89-8a4a-46ec-9e7e-932b4051bba0", "isDeleted:":"true", "version":"1687320085929"}}
{"logTime": "1221/175211", "correlationVector":"qkotJFo1E+21+609MiUz/K.6","action":"GetUpdates", "result":"DeleteReceived", "context":{"id":"932de3d9-b7c9-414f-8334-7c2ce9a370cd", "isDeleted:":"true", "version":"1688098021634"}}
{"logTime": "1221/175211", "correlationVector":"qkotJFo1E+21+609MiUz/K.7","action":"GetUpdates", "result":"DeleteReceived", "context":{"id":"f54ed508-969d-4ba6-9d59-a85ef43d1f72", "isDeleted:":"true", "version":"1688283910324"}}
{"logTime": "1221/175211", "correlationVector":"qkotJFo1E+21+609MiUz/K.8","action":"GetUpdates", "result":"DeleteReceived", "context":{"id":"14239280-bd48-41df-b465-12495baa9816", "isDeleted:":"true", "version":"1688690647308"}}
{"logTime": "1221/175211", "correlationVector":"qkotJFo1E+21+609MiUz/K.9","action":"GetUpdates", "result":"DeleteReceived", "context":{"id":"eadbee01-6237-40b3-92ed-d97ca54386e1", "isDeleted:":"true", "version":"1688690814038"}}
{"logTime": "1221/175211", "correlationVector":"qkotJFo1E+21+609MiUz/K.10","action":"GetUpdates", "result":"DeleteReceived", "context":{"id":"2db457d5-1bea-4635-bd6d-eac48a8a57e2", "isDeleted:":"true", "version":"1688691131725"}}
{"logTime": "1221/175211", "correlationVector":"qkotJFo1E+21+609MiUz/K.11","action":"GetUpdates", "result":"DeleteReceived", "context":{"id":"c7ddecfc-ecd9-494d-a907-b0a0dc73261a", "isDeleted:":"true", "version":"1688745356484"}}
{"logTime": "1221/175211", "correlationVector":"qkotJFo1E+21+609MiUz/K.12","action":"GetUpdates", "result":"DeleteReceived", "context":{"id":"eb7a8955-6f84-4a2b-94a3-ba12bf72f465", "isDeleted:":"true", "version":"1689173236987"}}
{"logTime": "1221/175211", "correlationVector":"qkotJFo1E+21+609MiUz/K.13","action":"GetUpdates", "result":"DeleteReceived", "context":{"id":"5d05672f-0bea-42e0-b4f6-c81b3791c69b", "isDeleted:":"true", "version":"1690013371400"}}
{"logTime": "1221/175211", "correlationVector":"qkotJFo1E+21+609MiUz/K.14","action":"GetUpdates", "result":"DeleteReceived", "context":{"id":"d465bcc3-4c49-41da-b254-6e2e966667c0", "isDeleted:":"true", "version":"1691098945195"}}
{"logTime": "1221/175211", "correlationVector":"qkotJFo1E+21+609MiUz/K.15","action":"GetUpdates", "result":"DeleteReceived", "context":{"id":"ecb4721f-846d-4467-96df-a8f9f0a633df", "isDeleted:":"true", "version":"1691661899561"}}
{"logTime": "1221/175211", "correlationVector":"qkotJFo1E+21+609MiUz/K.16","action":"GetUpdates", "result":"DeleteReceived", "context":{"id":"003f62e4-cdce-49ef-94a4-e98820a699ae", "isDeleted:":"true", "version":"1692009114274"}}
{"logTime": "1221/175211", "correlationVector":"qkotJFo1E+21+609MiUz/K.17","action":"GetUpdates", "result":"DeleteReceived", "context":{"id":"cb876e10-b541-4c6f-9f1a-804932721b22", "isDeleted:":"true", "version":"1692092471781"}}
{"logTime": "1221/175211", "correlationVector":"qkotJFo1E+21+609MiUz/K.18","action":"GetUpdates", "result":"DeleteReceived", "context":{"id":"42ffcdd5-919a-4ac5-9d26-71425cd01f0e", "isDeleted:":"true", "version":"1692092472875"}}
{"logTime": "1221/175211", "correlationVector":"qkotJFo1E+21+609MiUz/K.19","action":"GetUpdates", "result":"DeleteReceived", "context":{"id":"25406bfb-1490-4bc9-a44e-c0f6bf70bbc7", "isDeleted:":"true", "version":"1692092475041"}}
{"logTime": "1221/175211", "correlationVector":"qkotJFo1E+21+609MiUz/K.20","action":"GetUpdates", "result":"DeleteReceived", "context":{"id":"db283ea5-60ea-4213-b333-9ba92452ff44", "isDeleted:":"true", "version":"1692092476030"}}
{"logTime": "1221/175211", "correlationVector":"qkotJFo1E+21+609MiUz/K.21","action":"GetUpdates", "result":"DeleteReceived", "context":{"id":"f59544ed-9668-4557-b29e-514f2b216ad1", "isDeleted:":"true", "version":"1692092477584"}}
{"logTime": "1221/175211", "correlationVector":"qkotJFo1E+21+609MiUz/K.22","action":"GetUpdates", "result":"DeleteReceived", "context":{"id":"43caec83-514c-4a8c-b93c-baa699af19be", "isDeleted:":"true", "version":"1692092500981"}}
{"logTime": "1221/175211", "correlationVector":"qkotJFo1E+21+609MiUz/K.23","action":"GetUpdates", "result":"DeleteReceived", "context":{"id":"8e284cb7-698b-4aad-ae20-8f77b6024770", "isDeleted:":"true", "version":"1693532181904"}}
{"logTime": "1221/175211", "correlationVector":"qkotJFo1E+21+609MiUz/K.24","action":"GetUpdates", "result":"DeleteReceived", "context":{"id":"74ecd6f7-42e1-4aa9-aef2-a31f06795c2a", "isDeleted:":"true", "version":"1694123781796"}}
{"logTime": "1221/175211", "correlationVector":"qkotJFo1E+21+609MiUz/K.25","action":"GetUpdates", "result":"DeleteReceived", "context":{"id":"3df7925c-371f-4144-915d-60e26833dae5", "isDeleted:":"true", "version":"1694539212421"}}
{"logTime": "1221/175211", "correlationVector":"qkotJFo1E+21+609MiUz/K.26","action":"GetUpdates", "result":"DeleteReceived", "context":{"id":"92042ae1-5607-448e-8d65-0987be4cde52", "isDeleted:":"true", "version":"1695492701917"}}
{"logTime": "1221/175211", "correlationVector":"qkotJFo1E+21+609MiUz/K.27","action":"GetUpdates", "result":"DeleteReceived", "context":{"id":"16db0c6e-bce8-49f6-9dfe-4b8a1315de75", "isDeleted:":"true", "version":"1695698869145"}}
{"logTime": "1221/175211", "correlationVector":"qkotJFo1E+21+609MiUz/K.28","action":"GetUpdates", "result":"DeleteReceived", "context":{"id":"05078246-c7e7-44c4-8d75-49d57d8c43d4", "isDeleted:":"true", "version":"1697484884134"}}
{"logTime": "1221/175211", "correlationVector":"qkotJFo1E+21+609MiUz/K.29","action":"GetUpdates", "result":"DeleteReceived", "context":{"id":"5162f0ed-7171-47a2-a301-beb6479b2260", "isDeleted:":"true", "version":"1697958254322"}}
{"logTime": "1221/175211", "correlationVector":"qkotJFo1E+21+609MiUz/K.30","action":"GetUpdates", "result":"DeleteReceived", "context":{"id":"99e89095-1e37-47cb-9e17-f40f1e11af8f", "isDeleted:":"true", "version":"1698897963670"}}
{"logTime": "1221/175211", "correlationVector":"qkotJFo1E+21+609MiUz/K.31","action":"GetUpdates", "result":"DeleteReceived", "context":{"id":"b9a0698f-6a9c-4a63-8670-adfbf93010f2", "isDeleted:":"true", "version":"1698898252685"}}
{"logTime": "1221/175211", "correlationVector":"qkotJFo1E+21+609MiUz/K.32","action":"GetUpdates", "result":"DeleteReceived", "context":{"id":"25074807-de88-4499-87f6-143f9742a97c", "isDeleted:":"true", "version":"1700782108818"}}
{"logTime": "1221/175211", "correlationVector":"qkotJFo1E+21+609MiUz/K.33","action":"GetUpdates", "result":"DeleteReceived", "context":{"id":"858cefec-22cd-4a0a-8109-585fb145629c", "isDeleted:":"true", "version":"1700860388099"}}
{"logTime": "1221/175211", "correlationVector":"qkotJFo1E+21+609MiUz/K.34","action":"GetUpdates", "result":"DeleteReceived", "context":{"id":"6d3c2a8e-0ca4-4b0b-82d1-bcfb728c8084", "isDeleted:":"true", "version":"1701651078065"}}
{"logTime": "1221/175211", "correlationVector":"qkotJFo1E+21+609MiUz/K.35","action":"GetUpdates", "result":"DeleteReceived", "context":{"id":"64f6c0ce-dc34-4102-a107-289c8b8aab8a", "isDeleted:":"true", "version":"1702691491872"}}
{"logTime": "1221/175211", "correlationVector":"qkotJFo1E+21+609MiUz/K.36","action":"GetUpdates Response", "result":"SYNCER_OK", "context":Received 225 update(s). cV=qkotJFo1E+21+609MiUz/K.0;server=GENERAL1100001N;cloudType=Consumer;environment=Prod_EastUS_000w;migrationStage=NotStarted}
{"logTime": "1221/175211", "correlationVector":"vVQTdEBwMekoaeB59jdf1l","action":"Normal GetUpdate request", "result":"", "context":cV=vVQTdEBwMekoaeB59jdf1l
Nudged types: Preferences, Sessions
Refresh requested types: Bookmarks, Preferences, Passwords, Autofill, Autofill Custom Data, Typed URLs, Extensions, Sessions, Extension settings, History Delete Directives, Device Info, User Consents, Send Tab To Self, Web Apps, Collection, Edge E Drop, Edge Hub App Usage, Edge Wallet, Encryption Keys}
{"logTime": "1221/175213", "correlationVector":"vVQTdEBwMekoaeB59jdf1l.1","action":"SyncServerConnectionManagerRequest", "result":"SYNC_SERVER_OK", "context":{"environment":"Prod_EastUS_000w", "migrationStage":"NotStarted", "server":"GENERAL1100002U"}}
{"logTime": "1221/175213", "correlationVector":"vVQTdEBwMekoaeB59jdf1l.2","action":"GetUpdates", "result":"DeleteReceived", "context":{"id":"d66143c5-812b-4dbd-bc5f-be87100cd873", "isDeleted:":"true", "version":"1703125313452"}}
{"logTime": "1221/175213", "correlationVector":"vVQTdEBwMekoaeB59jdf1l.3","action":"GetUpdates", "result":"DeleteReceived", "context":{"id":"8a1d6174-ddf7-4ffe-8373-49a6d644c3f4", "isDeleted:":"true", "version":"1703126694190"}}
{"logTime": "1221/175213", "correlationVector":"vVQTdEBwMekoaeB59jdf1l.4","action":"GetUpdates", "result":"DeleteReceived", "context":{"id":"a98a57a7-cabc-4ebf-b99b-4e895ea1c77f", "isDeleted:":"true", "version":"1703181048894"}}
{"logTime": "1221/175213", "correlationVector":"vVQTdEBwMekoaeB59jdf1l.5","action":"GetUpdates Response", "result":"SYNCER_OK", "context":Received 22 update(s). cV=vVQTdEBwMekoaeB59jdf1l.0;server=GENERAL1100002U;cloudType=Consumer;environment=Prod_EastUS_000w;migrationStage=NotStarted}
{"logTime": "1221/175213", "correlationVector":"b1rpouwVdJtlO/Lv0ZsSMY","action":"Poll GetUpdate request", "result":"", "context":cV=b1rpouwVdJtlO/Lv0ZsSMY}
{"logTime": "1221/175216", "correlationVector":"b1rpouwVdJtlO/Lv0ZsSMY.1","action":"SyncServerConnectionManagerRequest", "result":"SYNC_SERVER_OK", "context":{"environment":"Prod_EastUS_000w", "migrationStage":"NotStarted", "server":"GENERAL1100000P"}}
{"logTime": "1221/175216", "correlationVector":"b1rpouwVdJtlO/Lv0ZsSMY.2","action":"GetUpdates Response", "result":"SYNCER_OK", "context":Received 0 update(s). cV=b1rpouwVdJtlO/Lv0ZsSMY.0;server=GENERAL1100000P;cloudType=Consumer;environment=Prod_EastUS_000w;migrationStage=NotStarted}
